Using shader api: shaderapiempty.dll
WARNING: ConVarRef developer doesn't point to an existing ConVar
----------------------------------------------
All Search Paths:
"e:\steamlibrary\steamapps\common\half-life 2\" "BASE_PATH" 
"e:\steamlibrary\steamapps\common\half-life 2\bin\" "EXECUTABLE_PATH" 
"GAME" "GAME" (VPK)E:\SteamLibrary\steamapps\common\Half-Life 2\hl2\hl2_sound_vo_english.vpk
"mod" "mod" (VPK)E:\SteamLibrary\steamapps\common\Half-Life 2\hl2\hl2_sound_vo_english.vpk
"GAME" "GAME" (VPK)E:\SteamLibrary\steamapps\common\Half-Life 2\hl2\hl2_pak.vpk
"mod" "mod" (VPK)E:\SteamLibrary\steamapps\common\Half-Life 2\hl2\hl2_pak.vpk
"GAME" "GAME" (VPK)E:\SteamLibrary\steamapps\common\Half-Life 2\hl2\hl2_textures.vpk
"GAME" "GAME" (VPK)E:\SteamLibrary\steamapps\common\Half-Life 2\hl2\hl2_sound_misc.vpk
"GAME" "GAME" (VPK)E:\SteamLibrary\steamapps\common\Half-Life 2\hl2\hl2_misc.vpk
"platform" "platform" (VPK)E:\SteamLibrary\steamapps\common\Half-Life 2\platform\platform_misc.vpk
"e:\steamlibrary\steamapps\common\half-life 2\hl2\" "mod" 
"e:\steamlibrary\steamapps\common\half-life 2\hl2\" "mod_write" 
"e:\steamlibrary\steamapps\common\half-life 2\hl2\" "default_write_path" 
"e:\steamlibrary\steamapps\common\half-life 2\hl2\" "GAME" 
"e:\steamlibrary\steamapps\common\half-life 2\hl2\" "game_write" 
"e:\steamlibrary\steamapps\common\half-life 2\hl2\bin\" "gamebin" 
"e:\steamlibrary\steamapps\common\half-life 2\platform\" "platform" 
"e:\steamlibrary\steamapps\common\half-life 2\e:\steamlibrary\steamapps\common\half-life 2\hl2\" "exp" 
"e:\steamlibrary\steamapps\common\half-life 2\e:\steamlibrary\steamapps\common\half-life 2\hl2\" "root_mod" 
----------------------------------------------
UpdateSearchPathsForCurrentGameExpansion
qdir:    "c:\program files (x86)\steam\steamapps\sourcemods\whohl2mod\modelsrc\eyeofrah\zelda_eye\"
gamedir: "E:\SteamLibrary\steamapps\common\Half-Life 2\hl2\"
g_path:  "C:\Program Files (x86)\Steam\steamapps\sourcemods\whohl2mod\ModelSrc\eyeofrah\zelda_eye\zelda_eye.qc"
Building binary model files...
Working on "zelda_eye.qc"
SMD MODEL ref.smd
SMD MODEL colls.smd
SMD MODEL anims/idle.smd
WARNING: Model has 2-dimensional geometry (less than 0.500 inches thick on any axis)!!!
WARNING: Model has 2-dimensional geometry (less than 0.500 inches thick on any axis)!!!
WARNING: Model has 2-dimensional geometry (less than 0.500 inches thick on any axis)!!!
WARNING: Model has 2-dimensional geometry (less than 0.500 inches thick on any axis)!!!
WARNING: Model has 2-dimensional geometry (less than 0.500 inches thick on any axis)!!!
WARNING: Model has 2-dimensional geometry (less than 0.500 inches thick on any axis)!!!
WARNING: Error with convex elements of colls.smd, building single convex!!!!
Model has 1 convex sub-parts
Collision model completed.
---------------------
writing E:\SteamLibrary\steamapps\common\Half-Life 2\hl2\models/eyeofrah/zelda_eye.mdl:
bones          964 bytes (1)
animations     112 bytes (1 anims) (1 frames) [0:00]
sequences      220 bytes (1 seq) 
ik/pose        164 bytes
eyeballs         0 bytes (0 eyeballs)
flexes           0 bytes (0 flexes)
textures        72 bytes
keyvalues        0 bytes
bone transforms        0 bytes
bone flex driver       0 bytes
Collision model volume 212.78 in^3
collision        0 bytes
total         1740
WARNING: ConVarRef mat_specular_scalar doesn't point to an existing ConVar
---------------------
writing E:\SteamLibrary\steamapps\common\Half-Life 2\hl2\models/eyeofrah/zelda_eye.vvd:
vertices      1152 bytes (24 vertices)
tangents       384 bytes (24 vertices)
total         1600 bytes
---------------------
Generating optimized mesh "E:\SteamLibrary\steamapps\common\Half-Life 2\hl2\models/eyeofrah/zelda_eye.sw.vtx":
body parts:         8 bytes
models:            20 bytes
model LODs:        12 bytes
meshes:             9 bytes
strip groups:      25 bytes
strips:            27 bytes
verts:            216 bytes
indices:           72 bytes
bone changes:      16 bytes
everything:       429 bytes
---------------------
Generating optimized mesh "E:\SteamLibrary\steamapps\common\Half-Life 2\hl2\models/eyeofrah/zelda_eye.dx80.vtx":
body parts:         8 bytes
models:            20 bytes
model LODs:        12 bytes
meshes:             9 bytes
strip groups:      25 bytes
strips:            27 bytes
verts:            216 bytes
indices:           72 bytes
bone changes:      16 bytes
everything:       429 bytes
---------------------
Generating optimized mesh "E:\SteamLibrary\steamapps\common\Half-Life 2\hl2\models/eyeofrah/zelda_eye.dx90.vtx":
body parts:         8 bytes
models:            20 bytes
model LODs:        12 bytes
meshes:             9 bytes
strip groups:      25 bytes
strips:            27 bytes
verts:            216 bytes
indices:           72 bytes
bone changes:      16 bytes
everything:       429 bytes

Completed "zelda_eye.qc"



