qdir:    "c:\program files (x86)\steam\steamapps\sourcemods\who\modelsrc\eyeofrah\eyewithskins\"
gamedir: "C:\Program Files (x86)\Steam\steamapps\common\Source SDK Base 2013 Singleplayer\sourcetest\"
g_path:  "C:\Program Files (x86)\Steam\steamapps\sourcemods\who\ModelSrc\eyeofrah\eyewithskins\eyewithskins.qc"
Building binary model files...
Working on "eyewithskins.qc"
SMD MODEL ref.smd
SMD MODEL colls.smd
SMD MODEL anims/idle.smd
WARNING: Model has 2-dimensional geometry (less than 0.500 inches thick on any axis)!!!
WARNING: Model has 2-dimensional geometry (less than 0.500 inches thick on any axis)!!!
WARNING: Model has 2-dimensional geometry (less than 0.500 inches thick on any axis)!!!
WARNING: Model has 2-dimensional geometry (less than 0.500 inches thick on any axis)!!!
WARNING: Model has 2-dimensional geometry (less than 0.500 inches thick on any axis)!!!
WARNING: Model has 2-dimensional geometry (less than 0.500 inches thick on any axis)!!!
WARNING: Error with convex elements of colls.smd, building single convex!!!!
Model has 1 convex sub-parts
Collision model completed.
---------------------
writing C:\Program Files (x86)\Steam\steamapps\common\Source SDK Base 2013 Singleplayer\sourcetest\models/eyeofrah/eyewithskins.mdl:
bones          964 bytes (1)
animations     112 bytes (1 anims) (1 frames) [0:00]
sequences      220 bytes (1 seq) 
ik/pose        164 bytes
eyeballs         0 bytes (0 eyeballs)
flexes           0 bytes (0 flexes)
textures       140 bytes
keyvalues        0 bytes
bone transforms        0 bytes
bone flex driver       0 bytes
Collision model volume 212.78 in^3
collision        0 bytes
total         1820
---------------------
writing C:\Program Files (x86)\Steam\steamapps\common\Source SDK Base 2013 Singleplayer\sourcetest\models/eyeofrah/eyewithskins.vvd:
vertices      1152 bytes (24 vertices)
tangents       384 bytes (24 vertices)
total         1600 bytes
---------------------
Generating optimized mesh "C:\Program Files (x86)\Steam\steamapps\common\Source SDK Base 2013 Singleplayer\sourcetest\models/eyeofrah/eyewithskins.sw.vtx":
body parts:         8 bytes
models:            20 bytes
model LODs:        12 bytes
meshes:             9 bytes
strip groups:      25 bytes
strips:            27 bytes
verts:            216 bytes
indices:           72 bytes
bone changes:      16 bytes
everything:       429 bytes
---------------------
Generating optimized mesh "C:\Program Files (x86)\Steam\steamapps\common\Source SDK Base 2013 Singleplayer\sourcetest\models/eyeofrah/eyewithskins.dx80.vtx":
body parts:         8 bytes
models:            20 bytes
model LODs:        12 bytes
meshes:             9 bytes
strip groups:      25 bytes
strips:            27 bytes
verts:            216 bytes
indices:           72 bytes
bone changes:      16 bytes
everything:       429 bytes
---------------------
Generating optimized mesh "C:\Program Files (x86)\Steam\steamapps\common\Source SDK Base 2013 Singleplayer\sourcetest\models/eyeofrah/eyewithskins.dx90.vtx":
body parts:         8 bytes
models:            20 bytes
model LODs:        12 bytes
meshes:             9 bytes
strip groups:      25 bytes
strips:            27 bytes
verts:            216 bytes
indices:           72 bytes
bone changes:      16 bytes
everything:       429 bytes

Completed "eyewithskins.qc"



