PRT1
43
121
4 0 34 (0 0 48 ) (0 0 -64 ) (576 0 -64 ) (576 0 48 ) 
4 0 3 (336 0 384 ) (0 0 384 ) (0 0 48 ) (336 0 48 ) 
4 0 2 (576 0 384 ) (336 0 384 ) (336 0 48 ) (576 0 48 ) 
4 0 1 (0 0 -64 ) (0 0 384 ) (0 128 384 ) (0 128 -64 ) 
4 1 42 (0 0 -64 ) (0 0 48 ) (-192 0 48 ) (-192 0 -64 ) 
4 1 40 (-144 0 272 ) (-192 0 272 ) (-192 0 48 ) (-144 0 48 ) 
4 1 39 (-128 0 272 ) (-144 0 272 ) (-144 0 48 ) (-128 0 48 ) 
4 1 36 (0 0 48 ) (0 0 272 ) (-128 0 272 ) (-128 0 48 ) 
4 1 35 (0 0 272 ) (0 0 384 ) (-192 0 384 ) (-192 0 272 ) 
4 2 34 (336 0 48 ) (576 0 48 ) (576 -77 48 ) (336 -77 48 ) 
4 2 14 (336 -77 48 ) (484 -77 48 ) (484 -77 166.281006 ) (336 -77 166.281006 ) 
4 2 11 (480 -77 256 ) (336 -77 256 ) (336 -77 166.281006 ) (480 -77 166.281006 ) 
4 2 10 (484 -77 166.281006 ) (484 -77 256 ) (480 -77 256 ) (480 -77 166.281006 ) 
4 2 9 (484 -77 48 ) (576 -77 48 ) (576 -77 256 ) (484 -77 256 ) 
4 2 6 (576 -77 256 ) (576 -77 384 ) (336 -77 384 ) (336 -77 256 ) 
4 2 4 (336 -77 272 ) (336 -77 384 ) (336 -68 384 ) (336 -68 272 ) 
4 2 3 (336 0 48 ) (336 -68 48 ) (336 -68 384 ) (336 0 384 ) 
4 3 36 (0 0 272 ) (0 0 48 ) (0 -68 48 ) (0 -68 272 ) 
4 3 35 (0 0 384 ) (0 0 272 ) (0 -68 272 ) (0 -68 384 ) 
4 3 34 (0 -68 48 ) (0 0 48 ) (336 0 48 ) (336 -68 48 ) 
4 3 4 (336 -68 272 ) (336 -68 384 ) (0 -68 384 ) (0 -68 272 ) 
4 4 35 (0 -77 272 ) (0 -77 384 ) (0 -68 384 ) (0 -68 272 ) 
4 4 5 (336 -76.888901 272 ) (336 -76.888901 384 ) (0 -76.888901 384 ) (0 -76.888901 272 ) 
4 5 22 (320 -77 64 ) (320 -77 256 ) (314.309021 -77 256 ) (314.309021 -77 64 ) 
4 5 23 (311.390991 -77 256 ) (0 -77 256 ) (0 -77 64 ) (311.390991 -77 64 ) 
4 5 14 (320 -77 48 ) (336 -77 48 ) (336 -77 166.281006 ) (320 -77 166.281006 ) 
4 5 11 (336 -77 166.281006 ) (336 -77 256 ) (320 -77 256 ) (320 -77 166.281006 ) 
4 5 7 (320 -77 384 ) (0 -77 384 ) (0 -77 272 ) (320 -77 272 ) 
4 5 6 (336 -77 256 ) (336 -77 384 ) (320 -77 384 ) (320 -77 256 ) 
4 6 20 (320 -305.111023 256 ) (320 -256 256 ) (336 -256 256 ) (336 -305.111023 256 ) 
4 6 19 (336 -256 256 ) (484 -256 256 ) (484 -314 256 ) (336 -314 256 ) 
4 6 12 (320 -252 256 ) (320 -96 256 ) (480 -96 256 ) (480 -252 256 ) 
4 6 11 (320 -96 256 ) (320 -77 256 ) (480 -77 256 ) (480 -96 256 ) 
4 6 13 (320 -256 256 ) (320 -252 256 ) (480 -252 256 ) (480 -256 256 ) 
4 6 10 (480 -77 256 ) (484 -77 256 ) (484 -256 256 ) (480 -256 256 ) 
4 6 33 (484 -448 256 ) (320 -448 256 ) (320 -314 256 ) (484 -314 256 ) 
4 6 9 (576 -448 256 ) (484 -448 256 ) (484 -77 256 ) (576 -77 256 ) 
4 6 7 (320 -314 272 ) (320 -314 384 ) (320 -77 384 ) (320 -77 272 ) 
4 6 8 (320 -314 256 ) (320 -448 256 ) (320 -448 384 ) (320 -314 384 ) 
4 7 35 (0 -314 384 ) (0 -77 384 ) (0 -77 272 ) (0 -314 272 ) 
4 7 8 (320 -314 272 ) (320 -314 384 ) (0 -314 384 ) (0 -314 272 ) 
4 8 41 (0 -448 256 ) (0 -448 272 ) (0 -314 272 ) (0 -314 256 ) 
4 8 35 (0 -448 272 ) (0 -448 384 ) (0 -314 384 ) (0 -314 272 ) 
4 8 33 (320 -448 256 ) (0 -448 256 ) (0 -314 256 ) (320 -314 256 ) 
4 9 34 (576 -448 48 ) (484 -448 48 ) (484 -77 48 ) (576 -77 48 ) 
4 9 19 (484 -314 256 ) (484 -256 256 ) (484 -256 48 ) (484 -314 48 ) 
4 9 14 (484 -77 166.281006 ) (484 -77 48 ) (484 -92 48 ) (484 -92 166.281006 ) 
4 9 10 (484 -256 256 ) (484 -77 256 ) (484 -77 166.281006 ) (484 -256 166.281006 ) 
4 9 33 (484 -448 256 ) (484 -314 256 ) (484 -314 48 ) (484 -448 48 ) 
4 10 19 (480 -256 166.281006 ) (484 -256 166.281006 ) (484 -256 256 ) (480 -256 256 ) 
4 10 14 (480 -92 166.281006 ) (480 -77 166.281006 ) (484 -77 166.281006 ) (484 -92 166.281006 ) 
4 10 12 (480 -252 172 ) (480 -252 256 ) (480 -96 256 ) (480 -96 172 ) 
4 10 11 (480 -77 166.281006 ) (480 -96 166.281006 ) (480 -96 256 ) (480 -77 256 ) 
4 10 13 (480 -252 166.281006 ) (480 -256 166.281006 ) (480 -256 256 ) (480 -252 256 ) 
4 11 22 (320 -96 256 ) (320 -77 256 ) (320 -77 166.281006 ) (320 -96 166.281006 ) 
4 11 14 (320 -92 166.281006 ) (320 -77 166.281006 ) (480 -77 166.281006 ) (480 -92 166.281006 ) 
4 11 12 (320 -96 256 ) (320 -96 172 ) (480 -96 172 ) (480 -96 256 ) 
4 12 29 (320 -252 256 ) (320 -209 256 ) (320 -209 172 ) (320 -252 172 ) 
4 12 25 (320 -203.327011 256 ) (320 -169 256 ) (320 -169 172 ) (320 -203.326996 172 ) 
4 12 24 (320 -209 256 ) (320 -203.327011 256 ) (320 -203.326996 172 ) (320 -209 172 ) 
4 12 22 (320 -169 256 ) (320 -96 256 ) (320 -96 172 ) (320 -169 172 ) 
4 12 13 (320 -252 256 ) (320 -252 172 ) (480 -252 172 ) (480 -252 256 ) 
4 13 29 (320 -256 256 ) (320 -252 256 ) (320 -252 166.281006 ) (320 -256 166.281006 ) 
4 13 20 (320 -256 256 ) (320 -256 166.281006 ) (336 -256 166.281006 ) (336 -256 256 ) 
4 13 19 (336 -256 166.281006 ) (480 -256 166.281006 ) (480 -256 256 ) (336 -256 256 ) 
4 14 34 (320 -77 48 ) (484 -77 48 ) (484 -92 48 ) (320 -92 48 ) 
4 14 22 (320 -77 166.281006 ) (320 -77 64 ) (320 -92 64 ) (320 -92 166.281006 ) 
4 15 29 (320 -252 152.175018 ) (320 -252 166.281006 ) (320 -209 166.281006 ) (320 -209 152.175018 ) 
4 15 25 (320 -203.327011 166.281006 ) (320 -169 166.281006 ) (320 -169 152.175018 ) (320 -203.326996 152.175018 ) 
4 15 24 (320 -209 166.281006 ) (320 -203.327011 166.281006 ) (320 -203.326996 152.175018 ) (320 -209 152.175018 ) 
4 15 22 (320 -169 166.281006 ) (320 -96 166.281006 ) (320 -96 152.175018 ) (320 -169 152.175018 ) 
4 15 18 (337.574005 -182.074997 152.175018 ) (423.649109 -96 152.175018 ) (427.326965 -96 152.175018 ) (339.412994 -183.914017 152.175018 ) 
3 15 17 (320 -199.648972 152.175018 ) (320 -96 152.175018 ) (423.649109 -96 152.175018 ) 
5 15 16 (480 -252 152.175018 ) (320 -252 152.175018 ) (320 -203.327011 152.175018 ) (427.326965 -96 152.175018 ) (480 -96 152.175018 ) 
4 16 31 (320 -216.760208 152.175018 ) (320 -209 152.175018 ) (320 -209 64 ) (320 -216.760208 64 ) 
4 16 30 (320 -252 64 ) (320 -252 152.175018 ) (320 -216.760208 152.175018 ) (320 -216.760208 64 ) 
4 16 24 (320 -209 152.175018 ) (320 -203.327011 152.175018 ) (320 -203.327011 64 ) (320 -209 64 ) 
4 16 18 (339.411591 -183.912613 152.175018 ) (427.324158 -96 152.175018 ) (427.324158 -96 64 ) (339.411591 -183.912613 64 ) 
4 17 26 (320 -199.648956 64 ) (320 -199.648972 152.175018 ) (320 -169 152.175018 ) (320 -169 64 ) 
4 17 22 (320 -169 152.175018 ) (320 -96 152.175018 ) (320 -96 64 ) (320 -169 64 ) 
4 17 18 (423.648438 -96 64 ) (423.648438 -96 152.175018 ) (337.573730 -182.074722 152.175018 ) (337.573700 -182.074722 64 ) 
4 19 34 (484 -256 48 ) (484 -314 48 ) (336 -314 48 ) (336 -256 48 ) 
4 19 21 (336 -305.111023 48 ) (336 -314 48 ) (336 -314 64 ) (336 -305.111023 64 ) 
4 19 20 (336 -256 256 ) (336 -256 48 ) (336 -305.111023 48 ) (336 -305.111023 256 ) 
4 19 33 (336 -314 48 ) (484 -314 48 ) (484 -314 256 ) (336 -314 256 ) 
4 20 34 (320 -305.111023 48 ) (320 -256 48 ) (336 -256 48 ) (336 -305.111023 48 ) 
4 20 30 (320 -256 152.175018 ) (320 -256 64 ) (320 -305.111023 64 ) (320 -305.111023 152.175018 ) 
4 20 29 (320 -305.111023 256 ) (320 -256 256 ) (320 -256 152.175018 ) (320 -305.111023 152.175018 ) 
4 20 21 (320 -305.111023 64 ) (320 -305.111023 48 ) (336 -305.111023 48 ) (336 -305.111023 64 ) 
4 21 34 (336 -314 48 ) (320 -314 48 ) (320 -305.111023 48 ) (336 -305.111023 48 ) 
4 21 33 (320 -314 48 ) (336 -314 48 ) (336 -314 64 ) (320 -314 64 ) 
4 22 26 (320 -169 64 ) (320 -169 152.175018 ) (314.309021 -169 152.175018 ) (314.309021 -169 64 ) 
4 22 25 (320 -169 152.175018 ) (320 -169 256 ) (314.309021 -169 256 ) (314.309021 -169 152.175018 ) 
4 23 38 (0 -169 64 ) (0 -169 256 ) (0 -77 256 ) (0 -77 64 ) 
4 23 32 (311.390991 -169 256 ) (0 -169 256 ) (0 -169 64 ) (311.390991 -169 64 ) 
4 24 31 (320 -209 64 ) (320 -209 152.175018 ) (314.326996 -209 152.175018 ) (314.326996 -209 64 ) 
4 24 29 (320 -209 152.175018 ) (320 -209 256 ) (314.326996 -209 256 ) (314.326996 -209 152.175018 ) 
4 24 25 (320 -203.328125 256 ) (320 -203.328125 152.175018 ) (314.328125 -209 152.175018 ) (314.328125 -209 256 ) 
4 25 26 (314.309021 -205.339996 152.175018 ) (314.309021 -169 152.175018 ) (320 -169 152.175018 ) (320 -199.648987 152.175018 ) 
4 26 27 (314.309021 -169 152.175018 ) (314.309021 -169 64 ) (314.309021 -205.339996 64 ) (314.309021 -205.339996 152.175018 ) 
4 27 32 (311.390991 -169 152.117004 ) (311.390991 -169 64 ) (311.390991 -208.258026 64 ) (311.390991 -208.258026 152.117004 ) 
4 28 32 (311.390991 -209 64 ) (311.390991 -209 152.117004 ) (311.390991 -208.258026 152.117004 ) (311.390991 -208.258026 64 ) 
4 29 31 (314.309021 -211.069260 152.175018 ) (314.309021 -209 152.175018 ) (320 -209 152.175018 ) (320 -216.760208 152.175018 ) 
4 29 30 (320 -305.111023 152.175018 ) (314.309021 -305.111023 152.175018 ) (314.309021 -211.069260 152.175018 ) (320 -216.760208 152.175018 ) 
4 30 31 (314.309021 -211.070724 152.175018 ) (320 -216.761658 152.175018 ) (320 -216.761658 64 ) (314.309021 -211.070724 64 ) 
4 32 38 (0 -305.111023 256 ) (0 -169 256 ) (0 -169 64 ) (0 -305.111023 64 ) 
4 33 41 (0 -314 48 ) (0 -448 48 ) (0 -448 256 ) (0 -314 256 ) 
4 33 34 (484 -448 48 ) (0 -448 48 ) (0 -314 48 ) (484 -314 48 ) 
4 34 42 (0 0 48 ) (0 0 -64 ) (0 -448 -64 ) (0 -448 48 ) 
4 35 41 (0 -448 272 ) (-192 -448 272 ) (-192 -314 272 ) (0 -314 272 ) 
4 35 40 (-192 -314 272 ) (-192 0 272 ) (-144 0 272 ) (-144 -314 272 ) 
4 35 39 (-144 0 272 ) (-128 0 272 ) (-128 -68 272 ) (-144 -68 272 ) 
4 35 36 (-128 0 272 ) (0 0 272 ) (0 -68 272 ) (-128 -68 272 ) 
4 36 42 (-128 0 48 ) (0 0 48 ) (0 -68 48 ) (-128 -68 48 ) 
4 36 39 (-128 0 48 ) (-128 -68 48 ) (-128 -68 272 ) (-128 0 272 ) 
4 37 38 (-128 -77 256 ) (-128 -77 64 ) (0 -77 64 ) (0 -77 256 ) 
4 39 42 (-144 0 48 ) (-128 0 48 ) (-128 -68 48 ) (-144 -68 48 ) 
4 39 40 (-144 0 48 ) (-144 -68 48 ) (-144 -68 272 ) (-144 0 272 ) 
4 40 42 (-192 0 48 ) (-144 0 48 ) (-144 -314 48 ) (-192 -314 48 ) 
4 40 41 (-192 -314 48 ) (-144 -314 48 ) (-144 -314 272 ) (-192 -314 272 ) 
4 41 42 (0 -448 48 ) (-192 -448 48 ) (-192 -314 48 ) (0 -314 48 ) 
