PRT1
40
86
4 0 20 (264 0 80 ) (252 0 80 ) (252 0 -112 ) (264 0 -112 ) 
4 0 2 (252 0 41.500000 ) (252 0 80 ) (252 30 80 ) (252 30 41.500000 ) 
4 0 3 (252 30 -112 ) (252 0 -112 ) (252 0 -41.500000 ) (252 30 -41.500000 ) 
4 0 1 (252 52 -112 ) (252 30 -112 ) (252 30 80 ) (252 52 80 ) 
4 1 9 (244 52 -41.500000 ) (244 52 -112 ) (244 30 -112 ) (244 30 -41.500000 ) 
4 1 8 (244 52 -40.500000 ) (244 52 -41.500000 ) (244 30 -41.500000 ) (244 30 -40.500000 ) 
4 1 6 (244 52 35.500000 ) (244 52 -40.500000 ) (244 30 -40.500000 ) (244 30 35.500000 ) 
4 1 4 (244 52 80 ) (244 52 35.500000 ) (244 30 35.500000 ) (244 30 80 ) 
4 1 2 (252 30 41.500000 ) (252 30 80 ) (244 30 80 ) (244 30 41.500000 ) 
4 1 3 (244 30 -112 ) (252 30 -112 ) (252 30 -41.500000 ) (244 30 -41.500000 ) 
4 2 21 (252 0 80 ) (244 0 80 ) (244 0 41.500000 ) (252 0 41.500000 ) 
4 2 5 (244 0 41.500000 ) (244 0 80 ) (244 30 80 ) (244 30 41.500000 ) 
4 3 22 (244 0 -41.500000 ) (244 0 -112 ) (252 0 -112 ) (252 0 -41.500000 ) 
4 3 9 (244 30 -112 ) (244 0 -112 ) (244 0 -41.500000 ) (244 30 -41.500000 ) 
4 4 10 (0 30 80 ) (0 52 80 ) (0 52 35.500000 ) (0 30 35.500000 ) 
4 4 6 (0 52 35.500000 ) (244 52 35.500000 ) (244 30 35.500000 ) (0 30 35.500000 ) 
4 4 5 (244 30 41.500000 ) (244 30 80 ) (0 30 80 ) (0 30 41.500000 ) 
4 5 24 (244 0 41.500000 ) (244 0 80 ) (0 0 80 ) (0 0 41.500000 ) 
4 5 11 (0 0 41.500000 ) (0 0 80 ) (0 30 80 ) (0 30 41.500000 ) 
4 6 13 (0 30 35.500000 ) (0 52 35.500000 ) (0 52 -40.500000 ) (0 30 -40.500000 ) 
4 6 8 (0 30 -40.500000 ) (0 52 -40.500000 ) (244 52 -40.500000 ) (244 30 -40.500000 ) 
4 7 26 (244 0 -40.500000 ) (244 0 35.500000 ) (0 0 35.500000 ) (0 0 -40.500000 ) 
4 7 14 (0 0 -40.500000 ) (0 0 35.500000 ) (0 28 35.500000 ) (0 28 -40.500000 ) 
4 8 15 (0 30 -40.500000 ) (0 52 -40.500000 ) (0 52 -41.500000 ) (0 30 -41.500000 ) 
4 8 9 (0 52 -41.500000 ) (244 52 -41.500000 ) (244 30 -41.500000 ) (0 30 -41.500000 ) 
4 9 29 (244 0 -112 ) (244 0 -41.500000 ) (0 0 -41.500000 ) (0 0 -112 ) 
4 9 16 (0 0 -112 ) (0 0 -41.500000 ) (0 52 -41.500000 ) (0 52 -112 ) 
4 10 17 (-127 52 35.500000 ) (-126 52 35.500000 ) (-126 30 35.500000 ) (-127 30 35.500000 ) 
4 10 13 (-126 52 35.500000 ) (0 52 35.500000 ) (0 30 35.500000 ) (-126 30 35.500000 ) 
4 10 11 (-127 30 80 ) (-127 30 41.500000 ) (0 30 41.500000 ) (0 30 80 ) 
4 10 12 (-127 52 80 ) (-127 52 35.500000 ) (-127 30 35.500000 ) (-127 30 80 ) 
4 11 30 (0 0 41.500000 ) (0 0 80 ) (-127 0 80 ) (-127 0 41.500000 ) 
4 11 12 (-127 0 41.500000 ) (-127 0 80 ) (-127 30 80 ) (-127 30 41.500000 ) 
4 12 32 (-127 0 80 ) (-148 0 80 ) (-148 0 35.500000 ) (-127 0 35.500000 ) 
4 12 17 (-128 52 35.500000 ) (-127 52 35.500000 ) (-127 30 35.500000 ) (-128 30 35.500000 ) 
4 12 19 (-148 52 35.500000 ) (-128 52 35.500000 ) (-128 0 35.500000 ) (-148 0 35.500000 ) 
4 13 17 (-126 30 35.500000 ) (-126 52 35.500000 ) (-126 52 -40.500000 ) (-126 30 -40.500000 ) 
4 13 15 (-126 30 -40.500000 ) (-126 52 -40.500000 ) (0 52 -40.500000 ) (0 30 -40.500000 ) 
4 14 33 (0 0 -40.500000 ) (0 0 35.500000 ) (-126 0 35.500000 ) (-126 0 -40.500000 ) 
4 15 17 (-126 52 -40.500000 ) (-126 52 -41.500000 ) (-126 30 -41.500000 ) (-126 30 -40.500000 ) 
4 15 16 (-126 30 -41.500000 ) (-126 52 -41.500000 ) (0 52 -41.500000 ) (0 30 -41.500000 ) 
4 16 36 (0 0 -112 ) (0 0 -41.500000 ) (-126 0 -41.500000 ) (-126 0 -112 ) 
4 16 18 (-126 30 -112 ) (-126 0 -112 ) (-126 0 -41.500000 ) (-126 30 -41.500000 ) 
4 16 17 (-126 52 -41.500000 ) (-126 52 -112 ) (-126 30 -112 ) (-126 30 -41.500000 ) 
4 17 18 (-128 30 -41.500000 ) (-128 30 -112 ) (-126 30 -112 ) (-126 30 -41.500000 ) 
4 17 19 (-128 52 -112 ) (-128 30 -112 ) (-128 30 35.500000 ) (-128 52 35.500000 ) 
4 18 37 (-126 0 -112 ) (-126 0 -41.500000 ) (-128 0 -41.500000 ) (-128 0 -112 ) 
4 18 19 (-128 30 -112 ) (-128 0 -112 ) (-128 0 -41.500000 ) (-128 30 -41.500000 ) 
4 19 39 (-128 0 35.500000 ) (-148 0 35.500000 ) (-148 0 -112 ) (-128 0 -112 ) 
4 20 21 (252 -24 41.500000 ) (252 -24 80 ) (252 0 80 ) (252 0 41.500000 ) 
4 20 22 (252 0 -112 ) (252 -24 -112 ) (252 -24 -41.500000 ) (252 0 -41.500000 ) 
4 20 23 (252 -24 -112 ) (252 -54 -112 ) (252 -54 80 ) (252 -24 80 ) 
4 21 24 (244 0 80 ) (244 0 41.500000 ) (244 -24 41.500000 ) (244 -24 80 ) 
4 21 23 (252 -24 41.500000 ) (252 -24 80 ) (244 -24 80 ) (244 -24 41.500000 ) 
4 22 29 (244 0 -41.500000 ) (244 0 -112 ) (244 -24 -112 ) (244 -24 -41.500000 ) 
4 22 23 (244 -24 -112 ) (252 -24 -112 ) (252 -24 -41.500000 ) (244 -24 -41.500000 ) 
4 23 29 (244 -24 -112 ) (244 -54 -112 ) (244 -54 -41.500000 ) (244 -24 -41.500000 ) 
4 23 28 (244 -54 -41.500000 ) (244 -54 -40.500000 ) (244 -24 -40.500000 ) (244 -24 -41.500000 ) 
4 23 27 (244 -54 -40.500000 ) (244 -54 35.500000 ) (244 -24 35.500000 ) (244 -24 -40.500000 ) 
4 23 25 (244 -54 35.500000 ) (244 -54 80 ) (244 -24 80 ) (244 -24 35.500000 ) 
4 24 30 (0 0 80 ) (0 0 41.500000 ) (0 -24 41.500000 ) (0 -24 80 ) 
4 24 25 (244 -24 41.500000 ) (244 -24 80 ) (0 -24 80 ) (0 -24 41.500000 ) 
4 25 31 (0 -24 35.500000 ) (0 -54 35.500000 ) (0 -54 80 ) (0 -24 80 ) 
4 25 27 (244 -24 35.500000 ) (244 -54 35.500000 ) (0 -54 35.500000 ) (0 -24 35.500000 ) 
4 26 33 (0 0 35.500000 ) (0 0 -40.500000 ) (0 -22 -40.500000 ) (0 -22 35.500000 ) 
4 27 34 (0 -24 -40.500000 ) (0 -54 -40.500000 ) (0 -54 35.500000 ) (0 -24 35.500000 ) 
4 27 28 (244 -24 -40.500000 ) (244 -54 -40.500000 ) (0 -54 -40.500000 ) (0 -24 -40.500000 ) 
4 28 35 (0 -24 -41.500000 ) (0 -54 -41.500000 ) (0 -54 -40.500000 ) (0 -24 -40.500000 ) 
4 28 29 (244 -24 -41.500000 ) (244 -54 -41.500000 ) (0 -54 -41.500000 ) (0 -24 -41.500000 ) 
4 29 36 (0 0 -41.500000 ) (0 0 -112 ) (0 -54 -112 ) (0 -54 -41.500000 ) 
4 30 31 (-127 -24 80 ) (-127 -24 41.500000 ) (0 -24 41.500000 ) (0 -24 80 ) 
4 30 32 (-127 -24 41.500000 ) (-127 -24 80 ) (-127 0 80 ) (-127 0 41.500000 ) 
4 31 38 (-126 -54 35.500000 ) (-127 -54 35.500000 ) (-127 -24 35.500000 ) (-126 -24 35.500000 ) 
4 31 34 (0 -54 35.500000 ) (-126 -54 35.500000 ) (-126 -24 35.500000 ) (0 -24 35.500000 ) 
4 31 32 (-127 -24 35.500000 ) (-127 -54 35.500000 ) (-127 -54 80 ) (-127 -24 80 ) 
4 32 39 (-128 -54 35.500000 ) (-148 -54 35.500000 ) (-148 0 35.500000 ) (-128 0 35.500000 ) 
4 32 38 (-127 -54 35.500000 ) (-128 -54 35.500000 ) (-128 -24 35.500000 ) (-127 -24 35.500000 ) 
4 34 38 (-126 -54 -40.500000 ) (-126 -54 35.500000 ) (-126 -24 35.500000 ) (-126 -24 -40.500000 ) 
4 34 35 (0 -54 -40.500000 ) (-126 -54 -40.500000 ) (-126 -24 -40.500000 ) (0 -24 -40.500000 ) 
4 35 38 (-126 -54 -41.500000 ) (-126 -54 -40.500000 ) (-126 -24 -40.500000 ) (-126 -24 -41.500000 ) 
4 35 36 (0 -54 -41.500000 ) (-126 -54 -41.500000 ) (-126 -24 -41.500000 ) (0 -24 -41.500000 ) 
4 36 37 (-126 -24 -41.500000 ) (-126 0 -41.500000 ) (-126 0 -112 ) (-126 -24 -112 ) 
4 36 38 (-126 -54 -112 ) (-126 -54 -41.500000 ) (-126 -24 -41.500000 ) (-126 -24 -112 ) 
4 37 39 (-128 0 -112 ) (-128 -24 -112 ) (-128 -24 -41.500000 ) (-128 0 -41.500000 ) 
4 37 38 (-128 -24 -41.500000 ) (-128 -24 -112 ) (-126 -24 -112 ) (-126 -24 -41.500000 ) 
4 38 39 (-128 -24 -112 ) (-128 -54 -112 ) (-128 -54 35.500000 ) (-128 -24 35.500000 ) 
