


materialPath: C:\Program Files (x86)\Steam\steamapps\sourcemods\who\materials
Loading c:\program files (x86)\steam\steamapps\sourcemods\who\maps\red_dot.vmf
ConVarRef mat_reduceparticles doesn't point to an existing ConVar
Could not locate 'GameData' key in c:\program files (x86)\steam\steamapps\sourcemods\who\gameinfo.txt
fixing up env_cubemap materials on brush sides...
0...1...2...3...4...5...6...7...8...9...100...1...2...3...4...5...6...7...8...9...10Processing areas...done (0)
Building Faces...done (0)
FixTjuncs...
PruneNodes...
WriteBSP...
done (0)
writing c:\program files (x86)\steam\steamapps\sourcemods\who\maps\red_dot.prt...Building visibility clusters...
done (0)
Finding displacement neighbors...
Finding lightmap sample positions...
Displacement Alpha : 0...1...2...3...4...5...6...7...8...9...10
Building Physics collision data...
done (0) (4617 bytes)
Placing static props...
Placing detail props : 0...1...2...3...4...5...6...7...8...9...10
Compacting texture/material tables...
Reduced 26 texinfos to 8
Reduced 2 texdatas to 2 (35 bytes to 35)
Writing c:\program files (x86)\steam\steamapps\sourcemods\who\maps\red_dot.bsp
0 seconds elapsed



6 threads
reading c:\program files (x86)\steam\steamapps\sourcemods\who\maps\red_dot.bsp
reading c:\program files (x86)\steam\steamapps\sourcemods\who\maps\red_dot.prt
  40 portalclusters
  86 numportals
0...1...2...3...4...5...6...7...8...9...100...1...2...3...4...5...6...7...8...9...10Optimized: 0 visible clusters (0.00%)
Total clusters visible: 1144
Average clusters visible: 28
Building PAS...
Average clusters audible: 32
visdatasize:732  compressed from 640
writing c:\program files (x86)\steam\steamapps\sourcemods\who\maps\red_dot.bsp
0 seconds elapsed



Could not find lights.rad in lights.rad.
Trying VRAD BIN directory instead...
Warning: Couldn't open texlight file C:\Program Files (x86)\Steam\steamapps\common\Source SDK Base 2013 Singleplayer\bin\lights.rad.
Loading c:\program files (x86)\steam\steamapps\sourcemods\who\maps\red_dot.bsp
26 faces
747 square feet [107568.00 square inches]
0 Displacements
0 Square Feet [0.00 Square Inches]
26 patches before subdivision
26 patches after subdivision
0 direct lights
0...1...2...3...4...5...6...7...8...9...100...1...2...3...4...5...6...7...8...9...10transfers 208, max 14
transfer lists:   0.0 megs
0...1...2...3...4...5...6...7...8...9...10	Bounce #1 added RGB(0, 0, 0)
Build Patch/Sample Hash Table(s).....Done<0.0000 sec>
0...1...2...3...4...5...6...7...8...9...10FinalLightFace Done
0 of 0 (0% of) surface lights went in leaf ambient cubes.
0...1...2...3...4...5...6...7...8...9...10Writing leaf ambient...done
Ready to Finish

Object names       Objects/Maxobjs  Memory / Maxmem  Fullness 
------------       ---------------  ---------------  -------- 
models                   1/1024           48/49152    ( 0.1%) 
brushes                 12/8192          144/98304    ( 0.1%) 
brushsides              72/65536         576/524288   ( 0.1%) 
planes                  72/65536        1440/1310720  ( 0.1%) 
vertexes               101/65536        1212/786432   ( 0.2%) 
nodes                   87/65536        2784/2097152  ( 0.1%) 
texinfos                 8/12288         576/884736   ( 0.1%) 
texdata                  2/2048           64/65536    ( 0.1%) 
dispinfos                0/0               0/0        ( 0.0%) 
disp_verts               0/0               0/0        ( 0.0%) 
disp_tris                0/0               0/0        ( 0.0%) 
disp_lmsamples           0/0               0/0        ( 0.0%) 
faces                   26/65536        1456/3670016  ( 0.0%) 
hdr faces                0/65536           0/3670016  ( 0.0%) 
origfaces               12/65536         672/3670016  ( 0.0%) 
leaves                  89/65536        2848/2097152  ( 0.1%) 
leaffaces               26/65536          52/131072   ( 0.0%) 
leafbrushes             40/65536          80/131072   ( 0.1%) 
areas                    3/256            24/2048     ( 1.2%) 
surfedges              156/512000        624/2048000  ( 0.0%) 
edges                   98/256000        392/1024000  ( 0.0%) 
LDR worldlights          0/65536           0/5767168  ( 0.0%) 
HDR worldlights          0/65536           0/5767168  ( 0.0%) 
leafwaterdata            0/32768           0/393216   ( 0.0%) 
waterstrips              2/32768          20/327680   ( 0.0%) 
waterverts               0/65536           0/786432   ( 0.0%) 
waterindices            24/65536          48/131072   ( 0.0%) 
cubemapsamples           0/1024            0/16384    ( 0.0%) 
overlays                 0/8192            0/2883584  ( 0.0%) 
LDR lightdata         [variable]           0/0        ( 0.0%) 
HDR lightdata         [variable]           0/0        ( 0.0%) 
visdata               [variable]         732/16777216 ( 0.0%) 
entdata               [variable]        6516/393216   ( 1.7%) 
LDR ambient table       89/65536         356/262144   ( 0.1%) 
HDR ambient table       89/65536         356/262144   ( 0.1%) 
LDR leaf ambient        40/65536        1120/1835008  ( 0.1%) 
HDR leaf ambient        89/65536        2492/1835008  ( 0.1%) 
occluders                0/0               0/0        ( 0.0%) 
occluder polygons        0/0               0/0        ( 0.0%) 
occluder vert ind        0/0               0/0        ( 0.0%) 
detail props          [variable]           1/12       ( 8.3%) 
static props          [variable]           1/12       ( 8.3%) 
pakfile               [variable]          54/0        ( 0.0%) 
physics               [variable]        4617/4194304  ( 0.1%) 
physics terrain       [variable]           2/1048576  ( 0.0%) 

Level flags = 0

Total triangle count: 56
Writing c:\program files (x86)\steam\steamapps\sourcemods\who\maps\red_dot.bsp
0 seconds elapsed



Could not find lights.rad in lights.rad.
Trying VRAD BIN directory instead...
Warning: Couldn't open texlight file C:\Program Files (x86)\Steam\steamapps\common\Source SDK Base 2013 Singleplayer\bin\lights.rad.
Loading c:\program files (x86)\steam\steamapps\sourcemods\who\maps\red_dot.bsp
26 faces
747 square feet [107568.00 square inches]
0 Displacements
0 Square Feet [0.00 Square Inches]
26 patches before subdivision
26 patches after subdivision
0 direct lights
0...1...2...3...4...5...6...7...8...9...100...1...2...3...4...5...6...7...8...9...10transfers 208, max 14
transfer lists:   0.0 megs
0...1...2...3...4...5...6...7...8...9...10	Bounce #1 added RGB(0, 0, 0)
Build Patch/Sample Hash Table(s).....Done<0.0000 sec>
0...1...2...3...4...5...6...7...8...9...10FinalLightFace Done
0 of 0 (0% of) surface lights went in leaf ambient cubes.
0...1...2...3...4...5...6...7...8...9...10Writing leaf ambient...done
Ready to Finish

Object names       Objects/Maxobjs  Memory / Maxmem  Fullness 
------------       ---------------  ---------------  -------- 
models                   1/1024           48/49152    ( 0.1%) 
brushes                 12/8192          144/98304    ( 0.1%) 
brushsides              72/65536         576/524288   ( 0.1%) 
planes                  72/65536        1440/1310720  ( 0.1%) 
vertexes               101/65536        1212/786432   ( 0.2%) 
nodes                   87/65536        2784/2097152  ( 0.1%) 
texinfos                 8/12288         576/884736   ( 0.1%) 
texdata                  2/2048           64/65536    ( 0.1%) 
dispinfos                0/0               0/0        ( 0.0%) 
disp_verts               0/0               0/0        ( 0.0%) 
disp_tris                0/0               0/0        ( 0.0%) 
disp_lmsamples           0/0               0/0        ( 0.0%) 
faces                   26/65536        1456/3670016  ( 0.0%) 
hdr faces               26/65536        1456/3670016  ( 0.0%) 
origfaces               12/65536         672/3670016  ( 0.0%) 
leaves                  89/65536        2848/2097152  ( 0.1%) 
leaffaces               26/65536          52/131072   ( 0.0%) 
leafbrushes             40/65536          80/131072   ( 0.1%) 
areas                    3/256            24/2048     ( 1.2%) 
surfedges              156/512000        624/2048000  ( 0.0%) 
edges                   98/256000        392/1024000  ( 0.0%) 
LDR worldlights          0/65536           0/5767168  ( 0.0%) 
HDR worldlights          0/65536           0/5767168  ( 0.0%) 
leafwaterdata            0/32768           0/393216   ( 0.0%) 
waterstrips              2/32768          20/327680   ( 0.0%) 
waterverts               0/65536           0/786432   ( 0.0%) 
waterindices            24/65536          48/131072   ( 0.0%) 
cubemapsamples           0/1024            0/16384    ( 0.0%) 
overlays                 0/8192            0/2883584  ( 0.0%) 
LDR lightdata         [variable]           0/0        ( 0.0%) 
HDR lightdata         [variable]           0/0        ( 0.0%) 
visdata               [variable]         732/16777216 ( 0.0%) 
entdata               [variable]        6516/393216   ( 1.7%) 
LDR ambient table       89/65536         356/262144   ( 0.1%) 
HDR ambient table       89/65536         356/262144   ( 0.1%) 
LDR leaf ambient        40/65536        1120/1835008  ( 0.1%) 
HDR leaf ambient        40/65536        1120/1835008  ( 0.1%) 
occluders                0/0               0/0        ( 0.0%) 
occluder polygons        0/0               0/0        ( 0.0%) 
occluder vert ind        0/0               0/0        ( 0.0%) 
detail props          [variable]           1/12       ( 8.3%) 
static props          [variable]           1/12       ( 8.3%) 
pakfile               [variable]          54/0        ( 0.0%) 
physics               [variable]        4617/4194304  ( 0.1%) 
physics terrain       [variable]           2/1048576  ( 0.0%) 

Level flags = 0

Total triangle count: 56
Writing c:\program files (x86)\steam\steamapps\sourcemods\who\maps\red_dot.bsp
0 seconds elapsed



materialPath: C:\Program Files (x86)\Steam\steamapps\sourcemods\who\materials
Loading c:\program files (x86)\steam\steamapps\sourcemods\who\maps\red_dot.vmf
ConVarRef mat_reduceparticles doesn't point to an existing ConVar
Could not locate 'GameData' key in c:\program files (x86)\steam\steamapps\sourcemods\who\gameinfo.txt
fixing up env_cubemap materials on brush sides...
0...1...2...3...4...5...6...7...8...9...100...1...2...3...4...5...6...7...8...9...10Processing areas...done (0)
Building Faces...done (0)
FixTjuncs...
PruneNodes...
WriteBSP...
done (0)
writing c:\program files (x86)\steam\steamapps\sourcemods\who\maps\red_dot.prt...Building visibility clusters...
done (0)
Finding displacement neighbors...
Finding lightmap sample positions...
Displacement Alpha : 0...1...2...3...4...5...6...7...8...9...10
Building Physics collision data...
done (0) (4617 bytes)
Placing static props...
Placing detail props : 0...1...2...3...4...5...6...7...8...9...10
Compacting texture/material tables...
Reduced 26 texinfos to 8
Reduced 2 texdatas to 2 (35 bytes to 35)
Writing c:\program files (x86)\steam\steamapps\sourcemods\who\maps\red_dot.bsp
0 seconds elapsed



6 threads
reading c:\program files (x86)\steam\steamapps\sourcemods\who\maps\red_dot.bsp
reading c:\program files (x86)\steam\steamapps\sourcemods\who\maps\red_dot.prt
  40 portalclusters
  86 numportals
0...1...2...3...4...5...6...7...8...9...100...1...2...3...4...5...6...7...8...9...10Optimized: 0 visible clusters (0.00%)
Total clusters visible: 1144
Average clusters visible: 28
Building PAS...
Average clusters audible: 32
visdatasize:732  compressed from 640
writing c:\program files (x86)\steam\steamapps\sourcemods\who\maps\red_dot.bsp
0 seconds elapsed



Could not find lights.rad in lights.rad.
Trying VRAD BIN directory instead...
Warning: Couldn't open texlight file C:\Program Files (x86)\Steam\steamapps\common\Source SDK Base 2013 Singleplayer\bin\lights.rad.
Loading c:\program files (x86)\steam\steamapps\sourcemods\who\maps\red_dot.bsp
26 faces
747 square feet [107568.00 square inches]
0 Displacements
0 Square Feet [0.00 Square Inches]
26 patches before subdivision
26 patches after subdivision
0 direct lights
0...1...2...3...4...5...6...7...8...9...100...1...2...3...4...5...6...7...8...9...10transfers 208, max 14
transfer lists:   0.0 megs
0...1...2...3...4...5...6...7...8...9...10	Bounce #1 added RGB(0, 0, 0)
Build Patch/Sample Hash Table(s).....Done<0.0000 sec>
0...1...2...3...4...5...6...7...8...9...10FinalLightFace Done
0 of 0 (0% of) surface lights went in leaf ambient cubes.
0...1...2...3...4...5...6...7...8...9...10Writing leaf ambient...done
Ready to Finish

Object names       Objects/Maxobjs  Memory / Maxmem  Fullness 
------------       ---------------  ---------------  -------- 
models                   1/1024           48/49152    ( 0.1%) 
brushes                 12/8192          144/98304    ( 0.1%) 
brushsides              72/65536         576/524288   ( 0.1%) 
planes                  72/65536        1440/1310720  ( 0.1%) 
vertexes               101/65536        1212/786432   ( 0.2%) 
nodes                   87/65536        2784/2097152  ( 0.1%) 
texinfos                 8/12288         576/884736   ( 0.1%) 
texdata                  2/2048           64/65536    ( 0.1%) 
dispinfos                0/0               0/0        ( 0.0%) 
disp_verts               0/0               0/0        ( 0.0%) 
disp_tris                0/0               0/0        ( 0.0%) 
disp_lmsamples           0/0               0/0        ( 0.0%) 
faces                   26/65536        1456/3670016  ( 0.0%) 
hdr faces                0/65536           0/3670016  ( 0.0%) 
origfaces               12/65536         672/3670016  ( 0.0%) 
leaves                  89/65536        2848/2097152  ( 0.1%) 
leaffaces               26/65536          52/131072   ( 0.0%) 
leafbrushes             40/65536          80/131072   ( 0.1%) 
areas                    3/256            24/2048     ( 1.2%) 
surfedges              156/512000        624/2048000  ( 0.0%) 
edges                   98/256000        392/1024000  ( 0.0%) 
LDR worldlights          0/65536           0/5767168  ( 0.0%) 
HDR worldlights          0/65536           0/5767168  ( 0.0%) 
leafwaterdata            0/32768           0/393216   ( 0.0%) 
waterstrips              2/32768          20/327680   ( 0.0%) 
waterverts               0/65536           0/786432   ( 0.0%) 
waterindices            24/65536          48/131072   ( 0.0%) 
cubemapsamples           0/1024            0/16384    ( 0.0%) 
overlays                 0/8192            0/2883584  ( 0.0%) 
LDR lightdata         [variable]           0/0        ( 0.0%) 
HDR lightdata         [variable]           0/0        ( 0.0%) 
visdata               [variable]         732/16777216 ( 0.0%) 
entdata               [variable]        6515/393216   ( 1.7%) 
LDR ambient table       89/65536         356/262144   ( 0.1%) 
HDR ambient table       89/65536         356/262144   ( 0.1%) 
LDR leaf ambient        40/65536        1120/1835008  ( 0.1%) 
HDR leaf ambient        89/65536        2492/1835008  ( 0.1%) 
occluders                0/0               0/0        ( 0.0%) 
occluder polygons        0/0               0/0        ( 0.0%) 
occluder vert ind        0/0               0/0        ( 0.0%) 
detail props          [variable]           1/12       ( 8.3%) 
static props          [variable]           1/12       ( 8.3%) 
pakfile               [variable]          54/0        ( 0.0%) 
physics               [variable]        4617/4194304  ( 0.1%) 
physics terrain       [variable]           2/1048576  ( 0.0%) 

Level flags = 0

Total triangle count: 56
Writing c:\program files (x86)\steam\steamapps\sourcemods\who\maps\red_dot.bsp
0 seconds elapsed



Could not find lights.rad in lights.rad.
Trying VRAD BIN directory instead...
Warning: Couldn't open texlight file C:\Program Files (x86)\Steam\steamapps\common\Source SDK Base 2013 Singleplayer\bin\lights.rad.
Loading c:\program files (x86)\steam\steamapps\sourcemods\who\maps\red_dot.bsp
26 faces
747 square feet [107568.00 square inches]
0 Displacements
0 Square Feet [0.00 Square Inches]
26 patches before subdivision
26 patches after subdivision
0 direct lights
0...1...2...3...4...5...6...7...8...9...100...1...2...3...4...5...6...7...8...9...10transfers 208, max 14
transfer lists:   0.0 megs
0...1...2...3...4...5...6...7...8...9...10	Bounce #1 added RGB(0, 0, 0)
Build Patch/Sample Hash Table(s).....Done<0.0000 sec>
0...1...2...3...4...5...6...7...8...9...10FinalLightFace Done
0 of 0 (0% of) surface lights went in leaf ambient cubes.
0...1...2...3...4...5...6...7...8...9...10Writing leaf ambient...done
Ready to Finish

Object names       Objects/Maxobjs  Memory / Maxmem  Fullness 
------------       ---------------  ---------------  -------- 
models                   1/1024           48/49152    ( 0.1%) 
brushes                 12/8192          144/98304    ( 0.1%) 
brushsides              72/65536         576/524288   ( 0.1%) 
planes                  72/65536        1440/1310720  ( 0.1%) 
vertexes               101/65536        1212/786432   ( 0.2%) 
nodes                   87/65536        2784/2097152  ( 0.1%) 
texinfos                 8/12288         576/884736   ( 0.1%) 
texdata                  2/2048           64/65536    ( 0.1%) 
dispinfos                0/0               0/0        ( 0.0%) 
disp_verts               0/0               0/0        ( 0.0%) 
disp_tris                0/0               0/0        ( 0.0%) 
disp_lmsamples           0/0               0/0        ( 0.0%) 
faces                   26/65536        1456/3670016  ( 0.0%) 
hdr faces               26/65536        1456/3670016  ( 0.0%) 
origfaces               12/65536         672/3670016  ( 0.0%) 
leaves                  89/65536        2848/2097152  ( 0.1%) 
leaffaces               26/65536          52/131072   ( 0.0%) 
leafbrushes             40/65536          80/131072   ( 0.1%) 
areas                    3/256            24/2048     ( 1.2%) 
surfedges              156/512000        624/2048000  ( 0.0%) 
edges                   98/256000        392/1024000  ( 0.0%) 
LDR worldlights          0/65536           0/5767168  ( 0.0%) 
HDR worldlights          0/65536           0/5767168  ( 0.0%) 
leafwaterdata            0/32768           0/393216   ( 0.0%) 
waterstrips              2/32768          20/327680   ( 0.0%) 
waterverts               0/65536           0/786432   ( 0.0%) 
waterindices            24/65536          48/131072   ( 0.0%) 
cubemapsamples           0/1024            0/16384    ( 0.0%) 
overlays                 0/8192            0/2883584  ( 0.0%) 
LDR lightdata         [variable]           0/0        ( 0.0%) 
HDR lightdata         [variable]           0/0        ( 0.0%) 
visdata               [variable]         732/16777216 ( 0.0%) 
entdata               [variable]        6515/393216   ( 1.7%) 
LDR ambient table       89/65536         356/262144   ( 0.1%) 
HDR ambient table       89/65536         356/262144   ( 0.1%) 
LDR leaf ambient        40/65536        1120/1835008  ( 0.1%) 
HDR leaf ambient        40/65536        1120/1835008  ( 0.1%) 
occluders                0/0               0/0        ( 0.0%) 
occluder polygons        0/0               0/0        ( 0.0%) 
occluder vert ind        0/0               0/0        ( 0.0%) 
detail props          [variable]           1/12       ( 8.3%) 
static props          [variable]           1/12       ( 8.3%) 
pakfile               [variable]          54/0        ( 0.0%) 
physics               [variable]        4617/4194304  ( 0.1%) 
physics terrain       [variable]           2/1048576  ( 0.0%) 

Level flags = 0

Total triangle count: 56
Writing c:\program files (x86)\steam\steamapps\sourcemods\who\maps\red_dot.bsp
0 seconds elapsed



materialPath: C:\Program Files (x86)\Steam\steamapps\sourcemods\who\materials
Loading c:\program files (x86)\steam\steamapps\sourcemods\who\maps\red_dot.vmf
ConVarRef mat_reduceparticles doesn't point to an existing ConVar
Could not locate 'GameData' key in c:\program files (x86)\steam\steamapps\sourcemods\who\gameinfo.txt
fixing up env_cubemap materials on brush sides...
0...1...2...3...4...5...6...7...8...9...100...1...2...3...4...5...6...7...8...9...10Processing areas...done (0)
Building Faces...done (0)
FixTjuncs...
PruneNodes...
WriteBSP...
done (0)
writing c:\program files (x86)\steam\steamapps\sourcemods\who\maps\red_dot.prt...Building visibility clusters...
done (0)
Finding displacement neighbors...
Finding lightmap sample positions...
Displacement Alpha : 0...1...2...3...4...5...6...7...8...9...10
Building Physics collision data...
done (0) (4617 bytes)
Placing static props...
Placing detail props : 0...1...2...3...4...5...6...7...8...9...10
Compacting texture/material tables...
Reduced 26 texinfos to 8
Reduced 2 texdatas to 2 (35 bytes to 35)
Writing c:\program files (x86)\steam\steamapps\sourcemods\who\maps\red_dot.bsp
0 seconds elapsed



6 threads
reading c:\program files (x86)\steam\steamapps\sourcemods\who\maps\red_dot.bsp
reading c:\program files (x86)\steam\steamapps\sourcemods\who\maps\red_dot.prt
  40 portalclusters
  86 numportals
0...1...2...3...4...5...6...7...8...9...100...1...2...3...4...5...6...7...8...9...10Optimized: 0 visible clusters (0.00%)
Total clusters visible: 1144
Average clusters visible: 28
Building PAS...
Average clusters audible: 32
visdatasize:732  compressed from 640
writing c:\program files (x86)\steam\steamapps\sourcemods\who\maps\red_dot.bsp
0 seconds elapsed



Could not find lights.rad in lights.rad.
Trying VRAD BIN directory instead...
Warning: Couldn't open texlight file C:\Program Files (x86)\Steam\steamapps\common\Source SDK Base 2013 Singleplayer\bin\lights.rad.
Loading c:\program files (x86)\steam\steamapps\sourcemods\who\maps\red_dot.bsp
26 faces
747 square feet [107568.00 square inches]
0 Displacements
0 Square Feet [0.00 Square Inches]
26 patches before subdivision
26 patches after subdivision
0 direct lights
0...1...2...3...4...5...6...7...8...9...100...1...2...3...4...5...6...7...8...9...10transfers 208, max 14
transfer lists:   0.0 megs
0...1...2...3...4...5...6...7...8...9...10	Bounce #1 added RGB(0, 0, 0)
Build Patch/Sample Hash Table(s).....Done<0.0000 sec>
0...1...2...3...4...5...6...7...8...9...10FinalLightFace Done
0 of 0 (0% of) surface lights went in leaf ambient cubes.
0...1...2...3...4...5...6...7...8...9...10Writing leaf ambient...done
Ready to Finish

Object names       Objects/Maxobjs  Memory / Maxmem  Fullness 
------------       ---------------  ---------------  -------- 
models                   1/1024           48/49152    ( 0.1%) 
brushes                 12/8192          144/98304    ( 0.1%) 
brushsides              72/65536         576/524288   ( 0.1%) 
planes                  72/65536        1440/1310720  ( 0.1%) 
vertexes               101/65536        1212/786432   ( 0.2%) 
nodes                   87/65536        2784/2097152  ( 0.1%) 
texinfos                 8/12288         576/884736   ( 0.1%) 
texdata                  2/2048           64/65536    ( 0.1%) 
dispinfos                0/0               0/0        ( 0.0%) 
disp_verts               0/0               0/0        ( 0.0%) 
disp_tris                0/0               0/0        ( 0.0%) 
disp_lmsamples           0/0               0/0        ( 0.0%) 
faces                   26/65536        1456/3670016  ( 0.0%) 
hdr faces                0/65536           0/3670016  ( 0.0%) 
origfaces               12/65536         672/3670016  ( 0.0%) 
leaves                  89/65536        2848/2097152  ( 0.1%) 
leaffaces               26/65536          52/131072   ( 0.0%) 
leafbrushes             40/65536          80/131072   ( 0.1%) 
areas                    3/256            24/2048     ( 1.2%) 
surfedges              156/512000        624/2048000  ( 0.0%) 
edges                   98/256000        392/1024000  ( 0.0%) 
LDR worldlights          0/65536           0/5767168  ( 0.0%) 
HDR worldlights          0/65536           0/5767168  ( 0.0%) 
leafwaterdata            0/32768           0/393216   ( 0.0%) 
waterstrips              2/32768          20/327680   ( 0.0%) 
waterverts               0/65536           0/786432   ( 0.0%) 
waterindices            24/65536          48/131072   ( 0.0%) 
cubemapsamples           0/1024            0/16384    ( 0.0%) 
overlays                 0/8192            0/2883584  ( 0.0%) 
LDR lightdata         [variable]           0/0        ( 0.0%) 
HDR lightdata         [variable]           0/0        ( 0.0%) 
visdata               [variable]         732/16777216 ( 0.0%) 
entdata               [variable]        6572/393216   ( 1.7%) 
LDR ambient table       89/65536         356/262144   ( 0.1%) 
HDR ambient table       89/65536         356/262144   ( 0.1%) 
LDR leaf ambient        40/65536        1120/1835008  ( 0.1%) 
HDR leaf ambient        89/65536        2492/1835008  ( 0.1%) 
occluders                0/0               0/0        ( 0.0%) 
occluder polygons        0/0               0/0        ( 0.0%) 
occluder vert ind        0/0               0/0        ( 0.0%) 
detail props          [variable]           1/12       ( 8.3%) 
static props          [variable]           1/12       ( 8.3%) 
pakfile               [variable]          54/0        ( 0.0%) 
physics               [variable]        4617/4194304  ( 0.1%) 
physics terrain       [variable]           2/1048576  ( 0.0%) 

Level flags = 0

Total triangle count: 56
Writing c:\program files (x86)\steam\steamapps\sourcemods\who\maps\red_dot.bsp
0 seconds elapsed



Could not find lights.rad in lights.rad.
Trying VRAD BIN directory instead...
Warning: Couldn't open texlight file C:\Program Files (x86)\Steam\steamapps\common\Source SDK Base 2013 Singleplayer\bin\lights.rad.
Loading c:\program files (x86)\steam\steamapps\sourcemods\who\maps\red_dot.bsp
26 faces
747 square feet [107568.00 square inches]
0 Displacements
0 Square Feet [0.00 Square Inches]
26 patches before subdivision
26 patches after subdivision
0 direct lights
0...1...2...3...4...5...6...7...8...9...100...1...2...3...4...5...6...7...8...9...10transfers 208, max 14
transfer lists:   0.0 megs
0...1...2...3...4...5...6...7...8...9...10	Bounce #1 added RGB(0, 0, 0)
Build Patch/Sample Hash Table(s).....Done<0.0000 sec>
0...1...2...3...4...5...6...7...8...9...10FinalLightFace Done
0 of 0 (0% of) surface lights went in leaf ambient cubes.
0...1...2...3...4...5...6...7...8...9...10Writing leaf ambient...done
Ready to Finish

Object names       Objects/Maxobjs  Memory / Maxmem  Fullness 
------------       ---------------  ---------------  -------- 
models                   1/1024           48/49152    ( 0.1%) 
brushes                 12/8192          144/98304    ( 0.1%) 
brushsides              72/65536         576/524288   ( 0.1%) 
planes                  72/65536        1440/1310720  ( 0.1%) 
vertexes               101/65536        1212/786432   ( 0.2%) 
nodes                   87/65536        2784/2097152  ( 0.1%) 
texinfos                 8/12288         576/884736   ( 0.1%) 
texdata                  2/2048           64/65536    ( 0.1%) 
dispinfos                0/0               0/0        ( 0.0%) 
disp_verts               0/0               0/0        ( 0.0%) 
disp_tris                0/0               0/0        ( 0.0%) 
disp_lmsamples           0/0               0/0        ( 0.0%) 
faces                   26/65536        1456/3670016  ( 0.0%) 
hdr faces               26/65536        1456/3670016  ( 0.0%) 
origfaces               12/65536         672/3670016  ( 0.0%) 
leaves                  89/65536        2848/2097152  ( 0.1%) 
leaffaces               26/65536          52/131072   ( 0.0%) 
leafbrushes             40/65536          80/131072   ( 0.1%) 
areas                    3/256            24/2048     ( 1.2%) 
surfedges              156/512000        624/2048000  ( 0.0%) 
edges                   98/256000        392/1024000  ( 0.0%) 
LDR worldlights          0/65536           0/5767168  ( 0.0%) 
HDR worldlights          0/65536           0/5767168  ( 0.0%) 
leafwaterdata            0/32768           0/393216   ( 0.0%) 
waterstrips              2/32768          20/327680   ( 0.0%) 
waterverts               0/65536           0/786432   ( 0.0%) 
waterindices            24/65536          48/131072   ( 0.0%) 
cubemapsamples           0/1024            0/16384    ( 0.0%) 
overlays                 0/8192            0/2883584  ( 0.0%) 
LDR lightdata         [variable]           0/0        ( 0.0%) 
HDR lightdata         [variable]           0/0        ( 0.0%) 
visdata               [variable]         732/16777216 ( 0.0%) 
entdata               [variable]        6572/393216   ( 1.7%) 
LDR ambient table       89/65536         356/262144   ( 0.1%) 
HDR ambient table       89/65536         356/262144   ( 0.1%) 
LDR leaf ambient        40/65536        1120/1835008  ( 0.1%) 
HDR leaf ambient        40/65536        1120/1835008  ( 0.1%) 
occluders                0/0               0/0        ( 0.0%) 
occluder polygons        0/0               0/0        ( 0.0%) 
occluder vert ind        0/0               0/0        ( 0.0%) 
detail props          [variable]           1/12       ( 8.3%) 
static props          [variable]           1/12       ( 8.3%) 
pakfile               [variable]          54/0        ( 0.0%) 
physics               [variable]        4617/4194304  ( 0.1%) 
physics terrain       [variable]           2/1048576  ( 0.0%) 

Level flags = 0

Total triangle count: 56
Writing c:\program files (x86)\steam\steamapps\sourcemods\who\maps\red_dot.bsp
0 seconds elapsed



materialPath: C:\Program Files (x86)\Steam\steamapps\sourcemods\who\materials
Loading c:\program files (x86)\steam\steamapps\sourcemods\who\maps\red_dot.vmf
ConVarRef mat_reduceparticles doesn't point to an existing ConVar
Could not locate 'GameData' key in c:\program files (x86)\steam\steamapps\sourcemods\who\gameinfo.txt
fixing up env_cubemap materials on brush sides...
0...1...2...3...4...5...6...7...8...9...100...1...2...3...4...5...6...7...8...9...10Processing areas...done (0)
Building Faces...done (0)
FixTjuncs...
PruneNodes...
WriteBSP...
done (0)
writing c:\program files (x86)\steam\steamapps\sourcemods\who\maps\red_dot.prt...Building visibility clusters...
done (0)
Finding displacement neighbors...
Finding lightmap sample positions...
Displacement Alpha : 0...1...2...3...4...5...6...7...8...9...10
Building Physics collision data...
done (0) (5168 bytes)
Placing static props...
Placing detail props : 0...1...2...3...4...5...6...7...8...9...10
Compacting texture/material tables...
Reduced 29 texinfos to 11
Reduced 3 texdatas to 3 (54 bytes to 54)
Writing c:\program files (x86)\steam\steamapps\sourcemods\who\maps\red_dot.bsp
0 seconds elapsed



6 threads
reading c:\program files (x86)\steam\steamapps\sourcemods\who\maps\red_dot.bsp
reading c:\program files (x86)\steam\steamapps\sourcemods\who\maps\red_dot.prt
  40 portalclusters
  86 numportals
0...1...2...3...4...5...6...7...8...9...100...1...2...3...4...5...6...7...8...9...10Optimized: 0 visible clusters (0.00%)
Total clusters visible: 1144
Average clusters visible: 28
Building PAS...
Average clusters audible: 32
visdatasize:732  compressed from 640
writing c:\program files (x86)\steam\steamapps\sourcemods\who\maps\red_dot.bsp
0 seconds elapsed



Could not find lights.rad in lights.rad.
Trying VRAD BIN directory instead...
Warning: Couldn't open texlight file C:\Program Files (x86)\Steam\steamapps\common\Source SDK Base 2013 Singleplayer\bin\lights.rad.
Loading c:\program files (x86)\steam\steamapps\sourcemods\who\maps\red_dot.bsp
32 faces
812 square feet [116932.00 square inches]
0 Displacements
0 Square Feet [0.00 Square Inches]
32 patches before subdivision
32 patches after subdivision
0 direct lights
0...1...2...3...4...5...6...7...8...9...100...1...2...3...4...5...6...7...8...9...10transfers 230, max 14
transfer lists:   0.0 megs
0...1...2...3...4...5...6...7...8...9...10	Bounce #1 added RGB(0, 0, 0)
Build Patch/Sample Hash Table(s).....Done<0.0000 sec>
0...1...2...3...4...5...6...7...8...9...10FinalLightFace Done
0 of 0 (0% of) surface lights went in leaf ambient cubes.
0...1...2...3...4...5...6...7...8...9...10Writing leaf ambient...done
Ready to Finish

Object names       Objects/Maxobjs  Memory / Maxmem  Fullness 
------------       ---------------  ---------------  -------- 
models                   2/1024           96/49152    ( 0.2%) 
brushes                 13/8192          156/98304    ( 0.2%) 
brushsides              78/65536         624/524288   ( 0.1%) 
planes                  90/65536        1800/1310720  ( 0.1%) 
vertexes               109/65536        1308/786432   ( 0.2%) 
nodes                   93/65536        2976/2097152  ( 0.1%) 
texinfos                11/12288         792/884736   ( 0.1%) 
texdata                  3/2048           96/65536    ( 0.1%) 
dispinfos                0/0               0/0        ( 0.0%) 
disp_verts               0/0               0/0        ( 0.0%) 
disp_tris                0/0               0/0        ( 0.0%) 
disp_lmsamples           0/0               0/0        ( 0.0%) 
faces                   32/65536        1792/3670016  ( 0.0%) 
hdr faces                0/65536           0/3670016  ( 0.0%) 
origfaces               18/65536        1008/3670016  ( 0.0%) 
leaves                  96/65536        3072/2097152  ( 0.1%) 
leaffaces               32/65536          64/131072   ( 0.0%) 
leafbrushes             41/65536          82/131072   ( 0.1%) 
areas                    3/256            24/2048     ( 1.2%) 
surfedges              204/512000        816/2048000  ( 0.0%) 
edges                  122/256000        488/1024000  ( 0.0%) 
LDR worldlights          0/65536           0/5767168  ( 0.0%) 
HDR worldlights          0/65536           0/5767168  ( 0.0%) 
leafwaterdata            0/32768           0/393216   ( 0.0%) 
waterstrips              2/32768          20/327680   ( 0.0%) 
waterverts               0/65536           0/786432   ( 0.0%) 
waterindices            24/65536          48/131072   ( 0.0%) 
cubemapsamples           0/1024            0/16384    ( 0.0%) 
overlays                 0/8192            0/2883584  ( 0.0%) 
LDR lightdata         [variable]           0/0        ( 0.0%) 
HDR lightdata         [variable]           0/0        ( 0.0%) 
visdata               [variable]         732/16777216 ( 0.0%) 
entdata               [variable]        6865/393216   ( 1.7%) 
LDR ambient table       96/65536         384/262144   ( 0.1%) 
HDR ambient table       96/65536         384/262144   ( 0.1%) 
LDR leaf ambient        46/65536        1288/1835008  ( 0.1%) 
HDR leaf ambient        96/65536        2688/1835008  ( 0.1%) 
occluders                0/0               0/0        ( 0.0%) 
occluder polygons        0/0               0/0        ( 0.0%) 
occluder vert ind        0/0               0/0        ( 0.0%) 
detail props          [variable]           1/12       ( 8.3%) 
static props          [variable]           1/12       ( 8.3%) 
pakfile               [variable]          54/0        ( 0.0%) 
physics               [variable]        5168/4194304  ( 0.1%) 
physics terrain       [variable]           2/1048576  ( 0.0%) 

Level flags = 0

Total triangle count: 68
Writing c:\program files (x86)\steam\steamapps\sourcemods\who\maps\red_dot.bsp
0 seconds elapsed



Could not find lights.rad in lights.rad.
Trying VRAD BIN directory instead...
Warning: Couldn't open texlight file C:\Program Files (x86)\Steam\steamapps\common\Source SDK Base 2013 Singleplayer\bin\lights.rad.
Loading c:\program files (x86)\steam\steamapps\sourcemods\who\maps\red_dot.bsp
32 faces
812 square feet [116932.00 square inches]
0 Displacements
0 Square Feet [0.00 Square Inches]
32 patches before subdivision
32 patches after subdivision
0 direct lights
0...1...2...3...4...5...6...7...8...9...100...1...2...3...4...5...6...7...8...9...10transfers 230, max 14
transfer lists:   0.0 megs
0...1...2...3...4...5...6...7...8...9...10	Bounce #1 added RGB(0, 0, 0)
Build Patch/Sample Hash Table(s).....Done<0.0000 sec>
0...1...2...3...4...5...6...7...8...9...10FinalLightFace Done
0 of 0 (0% of) surface lights went in leaf ambient cubes.
0...1...2...3...4...5...6...7...8...9...10Writing leaf ambient...done
Ready to Finish

Object names       Objects/Maxobjs  Memory / Maxmem  Fullness 
------------       ---------------  ---------------  -------- 
models                   2/1024           96/49152    ( 0.2%) 
brushes                 13/8192          156/98304    ( 0.2%) 
brushsides              78/65536         624/524288   ( 0.1%) 
planes                  90/65536        1800/1310720  ( 0.1%) 
vertexes               109/65536        1308/786432   ( 0.2%) 
nodes                   93/65536        2976/2097152  ( 0.1%) 
texinfos                11/12288         792/884736   ( 0.1%) 
texdata                  3/2048           96/65536    ( 0.1%) 
dispinfos                0/0               0/0        ( 0.0%) 
disp_verts               0/0               0/0        ( 0.0%) 
disp_tris                0/0               0/0        ( 0.0%) 
disp_lmsamples           0/0               0/0        ( 0.0%) 
faces                   32/65536        1792/3670016  ( 0.0%) 
hdr faces               32/65536        1792/3670016  ( 0.0%) 
origfaces               18/65536        1008/3670016  ( 0.0%) 
leaves                  96/65536        3072/2097152  ( 0.1%) 
leaffaces               32/65536          64/131072   ( 0.0%) 
leafbrushes             41/65536          82/131072   ( 0.1%) 
areas                    3/256            24/2048     ( 1.2%) 
surfedges              204/512000        816/2048000  ( 0.0%) 
edges                  122/256000        488/1024000  ( 0.0%) 
LDR worldlights          0/65536           0/5767168  ( 0.0%) 
HDR worldlights          0/65536           0/5767168  ( 0.0%) 
leafwaterdata            0/32768           0/393216   ( 0.0%) 
waterstrips              2/32768          20/327680   ( 0.0%) 
waterverts               0/65536           0/786432   ( 0.0%) 
waterindices            24/65536          48/131072   ( 0.0%) 
cubemapsamples           0/1024            0/16384    ( 0.0%) 
overlays                 0/8192            0/2883584  ( 0.0%) 
LDR lightdata         [variable]           0/0        ( 0.0%) 
HDR lightdata         [variable]           0/0        ( 0.0%) 
visdata               [variable]         732/16777216 ( 0.0%) 
entdata               [variable]        6865/393216   ( 1.7%) 
LDR ambient table       96/65536         384/262144   ( 0.1%) 
HDR ambient table       96/65536         384/262144   ( 0.1%) 
LDR leaf ambient        46/65536        1288/1835008  ( 0.1%) 
HDR leaf ambient        46/65536        1288/1835008  ( 0.1%) 
occluders                0/0               0/0        ( 0.0%) 
occluder polygons        0/0               0/0        ( 0.0%) 
occluder vert ind        0/0               0/0        ( 0.0%) 
detail props          [variable]           1/12       ( 8.3%) 
static props          [variable]           1/12       ( 8.3%) 
pakfile               [variable]          54/0        ( 0.0%) 
physics               [variable]        5168/4194304  ( 0.1%) 
physics terrain       [variable]           2/1048576  ( 0.0%) 

Level flags = 0

Total triangle count: 68
Writing c:\program files (x86)\steam\steamapps\sourcemods\who\maps\red_dot.bsp
0 seconds elapsed



materialPath: C:\Program Files (x86)\Steam\steamapps\sourcemods\who\materials
Loading c:\program files (x86)\steam\steamapps\sourcemods\who\maps\red_dot.vmf
ConVarRef mat_reduceparticles doesn't point to an existing ConVar
Could not locate 'GameData' key in c:\program files (x86)\steam\steamapps\sourcemods\who\gameinfo.txt
fixing up env_cubemap materials on brush sides...
0...1...2...3...4...5...6...7...8...9...100...1...2...3...4...5...6...7...8...9...10Processing areas...done (0)
Building Faces...done (0)
FixTjuncs...
PruneNodes...
WriteBSP...
done (0)
writing c:\program files (x86)\steam\steamapps\sourcemods\who\maps\red_dot.prt...Building visibility clusters...
done (0)
Finding displacement neighbors...
Finding lightmap sample positions...
Displacement Alpha : 0...1...2...3...4...5...6...7...8...9...10
Building Physics collision data...
done (0) (5168 bytes)
Placing static props...
Placing detail props : 0...1...2...3...4...5...6...7...8...9...10
Compacting texture/material tables...
Reduced 29 texinfos to 11
Reduced 3 texdatas to 3 (54 bytes to 54)
Writing c:\program files (x86)\steam\steamapps\sourcemods\who\maps\red_dot.bsp
0 seconds elapsed



6 threads
reading c:\program files (x86)\steam\steamapps\sourcemods\who\maps\red_dot.bsp
reading c:\program files (x86)\steam\steamapps\sourcemods\who\maps\red_dot.prt
  40 portalclusters
  86 numportals
0...1...2...3...4...5...6...7...8...9...100...1...2...3...4...5...6...7...8...9...10Optimized: 0 visible clusters (0.00%)
Total clusters visible: 1144
Average clusters visible: 28
Building PAS...
Average clusters audible: 32
visdatasize:732  compressed from 640
writing c:\program files (x86)\steam\steamapps\sourcemods\who\maps\red_dot.bsp
0 seconds elapsed



Could not find lights.rad in lights.rad.
Trying VRAD BIN directory instead...
Warning: Couldn't open texlight file C:\Program Files (x86)\Steam\steamapps\common\Source SDK Base 2013 Singleplayer\bin\lights.rad.
Loading c:\program files (x86)\steam\steamapps\sourcemods\who\maps\red_dot.bsp
32 faces
812 square feet [116932.00 square inches]
0 Displacements
0 Square Feet [0.00 Square Inches]
32 patches before subdivision
32 patches after subdivision
0 direct lights
0...1...2...3...4...5...6...7...8...9...100...1...2...3...4...5...6...7...8...9...10transfers 230, max 14
transfer lists:   0.0 megs
0...1...2...3...4...5...6...7...8...9...10	Bounce #1 added RGB(0, 0, 0)
Build Patch/Sample Hash Table(s).....Done<0.0000 sec>
0...1...2...3...4...5...6...7...8...9...10FinalLightFace Done
0 of 0 (0% of) surface lights went in leaf ambient cubes.
0...1...2...3...4...5...6...7...8...9...10Writing leaf ambient...done
Ready to Finish

Object names       Objects/Maxobjs  Memory / Maxmem  Fullness 
------------       ---------------  ---------------  -------- 
models                   2/1024           96/49152    ( 0.2%) 
brushes                 13/8192          156/98304    ( 0.2%) 
brushsides              78/65536         624/524288   ( 0.1%) 
planes                  90/65536        1800/1310720  ( 0.1%) 
vertexes               109/65536        1308/786432   ( 0.2%) 
nodes                   93/65536        2976/2097152  ( 0.1%) 
texinfos                11/12288         792/884736   ( 0.1%) 
texdata                  3/2048           96/65536    ( 0.1%) 
dispinfos                0/0               0/0        ( 0.0%) 
disp_verts               0/0               0/0        ( 0.0%) 
disp_tris                0/0               0/0        ( 0.0%) 
disp_lmsamples           0/0               0/0        ( 0.0%) 
faces                   32/65536        1792/3670016  ( 0.0%) 
hdr faces                0/65536           0/3670016  ( 0.0%) 
origfaces               18/65536        1008/3670016  ( 0.0%) 
leaves                  96/65536        3072/2097152  ( 0.1%) 
leaffaces               32/65536          64/131072   ( 0.0%) 
leafbrushes             41/65536          82/131072   ( 0.1%) 
areas                    3/256            24/2048     ( 1.2%) 
surfedges              204/512000        816/2048000  ( 0.0%) 
edges                  122/256000        488/1024000  ( 0.0%) 
LDR worldlights          0/65536           0/5767168  ( 0.0%) 
HDR worldlights          0/65536           0/5767168  ( 0.0%) 
leafwaterdata            0/32768           0/393216   ( 0.0%) 
waterstrips              2/32768          20/327680   ( 0.0%) 
waterverts               0/65536           0/786432   ( 0.0%) 
waterindices            24/65536          48/131072   ( 0.0%) 
cubemapsamples           0/1024            0/16384    ( 0.0%) 
overlays                 0/8192            0/2883584  ( 0.0%) 
LDR lightdata         [variable]           0/0        ( 0.0%) 
HDR lightdata         [variable]           0/0        ( 0.0%) 
visdata               [variable]         732/16777216 ( 0.0%) 
entdata               [variable]        6864/393216   ( 1.7%) 
LDR ambient table       96/65536         384/262144   ( 0.1%) 
HDR ambient table       96/65536         384/262144   ( 0.1%) 
LDR leaf ambient        46/65536        1288/1835008  ( 0.1%) 
HDR leaf ambient        96/65536        2688/1835008  ( 0.1%) 
occluders                0/0               0/0        ( 0.0%) 
occluder polygons        0/0               0/0        ( 0.0%) 
occluder vert ind        0/0               0/0        ( 0.0%) 
detail props          [variable]           1/12       ( 8.3%) 
static props          [variable]           1/12       ( 8.3%) 
pakfile               [variable]          54/0        ( 0.0%) 
physics               [variable]        5168/4194304  ( 0.1%) 
physics terrain       [variable]           2/1048576  ( 0.0%) 

Level flags = 0

Total triangle count: 68
Writing c:\program files (x86)\steam\steamapps\sourcemods\who\maps\red_dot.bsp
0 seconds elapsed



Could not find lights.rad in lights.rad.
Trying VRAD BIN directory instead...
Warning: Couldn't open texlight file C:\Program Files (x86)\Steam\steamapps\common\Source SDK Base 2013 Singleplayer\bin\lights.rad.
Loading c:\program files (x86)\steam\steamapps\sourcemods\who\maps\red_dot.bsp
32 faces
812 square feet [116932.00 square inches]
0 Displacements
0 Square Feet [0.00 Square Inches]
32 patches before subdivision
32 patches after subdivision
0 direct lights
0...1...2...3...4...5...6...7...8...9...100...1...2...3...4...5...6...7...8...9...10transfers 230, max 14
transfer lists:   0.0 megs
0...1...2...3...4...5...6...7...8...9...10	Bounce #1 added RGB(0, 0, 0)
Build Patch/Sample Hash Table(s).....Done<0.0000 sec>
0...1...2...3...4...5...6...7...8...9...10FinalLightFace Done
0 of 0 (0% of) surface lights went in leaf ambient cubes.
0...1...2...3...4...5...6...7...8...9...10Writing leaf ambient...done
Ready to Finish

Object names       Objects/Maxobjs  Memory / Maxmem  Fullness 
------------       ---------------  ---------------  -------- 
models                   2/1024           96/49152    ( 0.2%) 
brushes                 13/8192          156/98304    ( 0.2%) 
brushsides              78/65536         624/524288   ( 0.1%) 
planes                  90/65536        1800/1310720  ( 0.1%) 
vertexes               109/65536        1308/786432   ( 0.2%) 
nodes                   93/65536        2976/2097152  ( 0.1%) 
texinfos                11/12288         792/884736   ( 0.1%) 
texdata                  3/2048           96/65536    ( 0.1%) 
dispinfos                0/0               0/0        ( 0.0%) 
disp_verts               0/0               0/0        ( 0.0%) 
disp_tris                0/0               0/0        ( 0.0%) 
disp_lmsamples           0/0               0/0        ( 0.0%) 
faces                   32/65536        1792/3670016  ( 0.0%) 
hdr faces               32/65536        1792/3670016  ( 0.0%) 
origfaces               18/65536        1008/3670016  ( 0.0%) 
leaves                  96/65536        3072/2097152  ( 0.1%) 
leaffaces               32/65536          64/131072   ( 0.0%) 
leafbrushes             41/65536          82/131072   ( 0.1%) 
areas                    3/256            24/2048     ( 1.2%) 
surfedges              204/512000        816/2048000  ( 0.0%) 
edges                  122/256000        488/1024000  ( 0.0%) 
LDR worldlights          0/65536           0/5767168  ( 0.0%) 
HDR worldlights          0/65536           0/5767168  ( 0.0%) 
leafwaterdata            0/32768           0/393216   ( 0.0%) 
waterstrips              2/32768          20/327680   ( 0.0%) 
waterverts               0/65536           0/786432   ( 0.0%) 
waterindices            24/65536          48/131072   ( 0.0%) 
cubemapsamples           0/1024            0/16384    ( 0.0%) 
overlays                 0/8192            0/2883584  ( 0.0%) 
LDR lightdata         [variable]           0/0        ( 0.0%) 
HDR lightdata         [variable]           0/0        ( 0.0%) 
visdata               [variable]         732/16777216 ( 0.0%) 
entdata               [variable]        6864/393216   ( 1.7%) 
LDR ambient table       96/65536         384/262144   ( 0.1%) 
HDR ambient table       96/65536         384/262144   ( 0.1%) 
LDR leaf ambient        46/65536        1288/1835008  ( 0.1%) 
HDR leaf ambient        46/65536        1288/1835008  ( 0.1%) 
occluders                0/0               0/0        ( 0.0%) 
occluder polygons        0/0               0/0        ( 0.0%) 
occluder vert ind        0/0               0/0        ( 0.0%) 
detail props          [variable]           1/12       ( 8.3%) 
static props          [variable]           1/12       ( 8.3%) 
pakfile               [variable]          54/0        ( 0.0%) 
physics               [variable]        5168/4194304  ( 0.1%) 
physics terrain       [variable]           2/1048576  ( 0.0%) 

Level flags = 0

Total triangle count: 68
Writing c:\program files (x86)\steam\steamapps\sourcemods\who\maps\red_dot.bsp
0 seconds elapsed



materialPath: C:\Program Files (x86)\Steam\steamapps\sourcemods\who\materials
Loading c:\program files (x86)\steam\steamapps\sourcemods\who\maps\red_dot.vmf
ConVarRef mat_reduceparticles doesn't point to an existing ConVar
Could not locate 'GameData' key in c:\program files (x86)\steam\steamapps\sourcemods\who\gameinfo.txt
fixing up env_cubemap materials on brush sides...
0...1...2...3...4...5...6...7...8...9...100...1...2...3...4...5...6...7...8...9...10Processing areas...done (0)
Building Faces...done (0)
FixTjuncs...
PruneNodes...
WriteBSP...
done (0)
writing c:\program files (x86)\steam\steamapps\sourcemods\who\maps\red_dot.prt...Building visibility clusters...
done (0)
Finding displacement neighbors...
Finding lightmap sample positions...
Displacement Alpha : 0...1...2...3...4...5...6...7...8...9...10
Building Physics collision data...
done (0) (5168 bytes)
Placing static props...
Placing detail props : 0...1...2...3...4...5...6...7...8...9...10
Compacting texture/material tables...
Reduced 29 texinfos to 11
Reduced 3 texdatas to 3 (54 bytes to 54)
Writing c:\program files (x86)\steam\steamapps\sourcemods\who\maps\red_dot.bsp
0 seconds elapsed



6 threads
reading c:\program files (x86)\steam\steamapps\sourcemods\who\maps\red_dot.bsp
reading c:\program files (x86)\steam\steamapps\sourcemods\who\maps\red_dot.prt
  40 portalclusters
  86 numportals
0...1...2...3...4...5...6...7...8...9...100...1...2...3...4...5...6...7...8...9...10Optimized: 0 visible clusters (0.00%)
Total clusters visible: 1144
Average clusters visible: 28
Building PAS...
Average clusters audible: 32
visdatasize:732  compressed from 640
writing c:\program files (x86)\steam\steamapps\sourcemods\who\maps\red_dot.bsp
0 seconds elapsed



Could not find lights.rad in lights.rad.
Trying VRAD BIN directory instead...
Warning: Couldn't open texlight file C:\Program Files (x86)\Steam\steamapps\common\Source SDK Base 2013 Singleplayer\bin\lights.rad.
Loading c:\program files (x86)\steam\steamapps\sourcemods\who\maps\red_dot.bsp
32 faces
812 square feet [116932.00 square inches]
0 Displacements
0 Square Feet [0.00 Square Inches]
32 patches before subdivision
32 patches after subdivision
0 direct lights
0...1...2...3...4...5...6...7...8...9...100...1...2...3...4...5...6...7...8...9...10transfers 230, max 14
transfer lists:   0.0 megs
0...1...2...3...4...5...6...7...8...9...10	Bounce #1 added RGB(0, 0, 0)
Build Patch/Sample Hash Table(s).....Done<0.0000 sec>
0...1...2...3...4...5...6...7...8...9...10FinalLightFace Done
0 of 0 (0% of) surface lights went in leaf ambient cubes.
0...1...2...3...4...5...6...7...8...9...10Writing leaf ambient...done
Ready to Finish

Object names       Objects/Maxobjs  Memory / Maxmem  Fullness 
------------       ---------------  ---------------  -------- 
models                   2/1024           96/49152    ( 0.2%) 
brushes                 13/8192          156/98304    ( 0.2%) 
brushsides              78/65536         624/524288   ( 0.1%) 
planes                  90/65536        1800/1310720  ( 0.1%) 
vertexes               109/65536        1308/786432   ( 0.2%) 
nodes                   93/65536        2976/2097152  ( 0.1%) 
texinfos                11/12288         792/884736   ( 0.1%) 
texdata                  3/2048           96/65536    ( 0.1%) 
dispinfos                0/0               0/0        ( 0.0%) 
disp_verts               0/0               0/0        ( 0.0%) 
disp_tris                0/0               0/0        ( 0.0%) 
disp_lmsamples           0/0               0/0        ( 0.0%) 
faces                   32/65536        1792/3670016  ( 0.0%) 
hdr faces                0/65536           0/3670016  ( 0.0%) 
origfaces               18/65536        1008/3670016  ( 0.0%) 
leaves                  96/65536        3072/2097152  ( 0.1%) 
leaffaces               32/65536          64/131072   ( 0.0%) 
leafbrushes             41/65536          82/131072   ( 0.1%) 
areas                    3/256            24/2048     ( 1.2%) 
surfedges              204/512000        816/2048000  ( 0.0%) 
edges                  122/256000        488/1024000  ( 0.0%) 
LDR worldlights          0/65536           0/5767168  ( 0.0%) 
HDR worldlights          0/65536           0/5767168  ( 0.0%) 
leafwaterdata            0/32768           0/393216   ( 0.0%) 
waterstrips              2/32768          20/327680   ( 0.0%) 
waterverts               0/65536           0/786432   ( 0.0%) 
waterindices            24/65536          48/131072   ( 0.0%) 
cubemapsamples           0/1024            0/16384    ( 0.0%) 
overlays                 0/8192            0/2883584  ( 0.0%) 
LDR lightdata         [variable]           0/0        ( 0.0%) 
HDR lightdata         [variable]           0/0        ( 0.0%) 
visdata               [variable]         732/16777216 ( 0.0%) 
entdata               [variable]        6814/393216   ( 1.7%) 
LDR ambient table       96/65536         384/262144   ( 0.1%) 
HDR ambient table       96/65536         384/262144   ( 0.1%) 
LDR leaf ambient        46/65536        1288/1835008  ( 0.1%) 
HDR leaf ambient        96/65536        2688/1835008  ( 0.1%) 
occluders                0/0               0/0        ( 0.0%) 
occluder polygons        0/0               0/0        ( 0.0%) 
occluder vert ind        0/0               0/0        ( 0.0%) 
detail props          [variable]           1/12       ( 8.3%) 
static props          [variable]           1/12       ( 8.3%) 
pakfile               [variable]          54/0        ( 0.0%) 
physics               [variable]        5168/4194304  ( 0.1%) 
physics terrain       [variable]           2/1048576  ( 0.0%) 

Level flags = 0

Total triangle count: 68
Writing c:\program files (x86)\steam\steamapps\sourcemods\who\maps\red_dot.bsp
0 seconds elapsed



Could not find lights.rad in lights.rad.
Trying VRAD BIN directory instead...
Warning: Couldn't open texlight file C:\Program Files (x86)\Steam\steamapps\common\Source SDK Base 2013 Singleplayer\bin\lights.rad.
Loading c:\program files (x86)\steam\steamapps\sourcemods\who\maps\red_dot.bsp
32 faces
812 square feet [116932.00 square inches]
0 Displacements
0 Square Feet [0.00 Square Inches]
32 patches before subdivision
32 patches after subdivision
0 direct lights
0...1...2...3...4...5...6...7...8...9...100...1...2...3...4...5...6...7...8...9...10transfers 230, max 14
transfer lists:   0.0 megs
0...1...2...3...4...5...6...7...8...9...10	Bounce #1 added RGB(0, 0, 0)
Build Patch/Sample Hash Table(s).....Done<0.0000 sec>
0...1...2...3...4...5...6...7...8...9...10FinalLightFace Done
0 of 0 (0% of) surface lights went in leaf ambient cubes.
0...1...2...3...4...5...6...7...8...9...10Writing leaf ambient...done
Ready to Finish

Object names       Objects/Maxobjs  Memory / Maxmem  Fullness 
------------       ---------------  ---------------  -------- 
models                   2/1024           96/49152    ( 0.2%) 
brushes                 13/8192          156/98304    ( 0.2%) 
brushsides              78/65536         624/524288   ( 0.1%) 
planes                  90/65536        1800/1310720  ( 0.1%) 
vertexes               109/65536        1308/786432   ( 0.2%) 
nodes                   93/65536        2976/2097152  ( 0.1%) 
texinfos                11/12288         792/884736   ( 0.1%) 
texdata                  3/2048           96/65536    ( 0.1%) 
dispinfos                0/0               0/0        ( 0.0%) 
disp_verts               0/0               0/0        ( 0.0%) 
disp_tris                0/0               0/0        ( 0.0%) 
disp_lmsamples           0/0               0/0        ( 0.0%) 
faces                   32/65536        1792/3670016  ( 0.0%) 
hdr faces               32/65536        1792/3670016  ( 0.0%) 
origfaces               18/65536        1008/3670016  ( 0.0%) 
leaves                  96/65536        3072/2097152  ( 0.1%) 
leaffaces               32/65536          64/131072   ( 0.0%) 
leafbrushes             41/65536          82/131072   ( 0.1%) 
areas                    3/256            24/2048     ( 1.2%) 
surfedges              204/512000        816/2048000  ( 0.0%) 
edges                  122/256000        488/1024000  ( 0.0%) 
LDR worldlights          0/65536           0/5767168  ( 0.0%) 
HDR worldlights          0/65536           0/5767168  ( 0.0%) 
leafwaterdata            0/32768           0/393216   ( 0.0%) 
waterstrips              2/32768          20/327680   ( 0.0%) 
waterverts               0/65536           0/786432   ( 0.0%) 
waterindices            24/65536          48/131072   ( 0.0%) 
cubemapsamples           0/1024            0/16384    ( 0.0%) 
overlays                 0/8192            0/2883584  ( 0.0%) 
LDR lightdata         [variable]           0/0        ( 0.0%) 
HDR lightdata         [variable]           0/0        ( 0.0%) 
visdata               [variable]         732/16777216 ( 0.0%) 
entdata               [variable]        6814/393216   ( 1.7%) 
LDR ambient table       96/65536         384/262144   ( 0.1%) 
HDR ambient table       96/65536         384/262144   ( 0.1%) 
LDR leaf ambient        46/65536        1288/1835008  ( 0.1%) 
HDR leaf ambient        46/65536        1288/1835008  ( 0.1%) 
occluders                0/0               0/0        ( 0.0%) 
occluder polygons        0/0               0/0        ( 0.0%) 
occluder vert ind        0/0               0/0        ( 0.0%) 
detail props          [variable]           1/12       ( 8.3%) 
static props          [variable]           1/12       ( 8.3%) 
pakfile               [variable]          54/0        ( 0.0%) 
physics               [variable]        5168/4194304  ( 0.1%) 
physics terrain       [variable]           2/1048576  ( 0.0%) 

Level flags = 0

Total triangle count: 68
Writing c:\program files (x86)\steam\steamapps\sourcemods\who\maps\red_dot.bsp
0 seconds elapsed



materialPath: C:\Program Files (x86)\Steam\steamapps\sourcemods\who\materials
Loading c:\program files (x86)\steam\steamapps\sourcemods\who\maps\red_dot.vmf
ConVarRef mat_reduceparticles doesn't point to an existing ConVar
Could not locate 'GameData' key in c:\program files (x86)\steam\steamapps\sourcemods\who\gameinfo.txt
fixing up env_cubemap materials on brush sides...
0...1...2...3...4...5...6...7...8...9...100...1...2...3...4...5...6...7...8...9...10Processing areas...done (0)
Building Faces...done (0)
FixTjuncs...
PruneNodes...
WriteBSP...
done (0)
writing c:\program files (x86)\steam\steamapps\sourcemods\who\maps\red_dot.prt...Building visibility clusters...
done (0)
Finding displacement neighbors...
Finding lightmap sample positions...
Displacement Alpha : 0...1...2...3...4...5...6...7...8...9...10
Building Physics collision data...
done (0) (5168 bytes)
Placing static props...
Placing detail props : 0...1...2...3...4...5...6...7...8...9...10
Compacting texture/material tables...
Reduced 29 texinfos to 11
Reduced 3 texdatas to 3 (54 bytes to 54)
Writing c:\program files (x86)\steam\steamapps\sourcemods\who\maps\red_dot.bsp
0 seconds elapsed



6 threads
reading c:\program files (x86)\steam\steamapps\sourcemods\who\maps\red_dot.bsp
reading c:\program files (x86)\steam\steamapps\sourcemods\who\maps\red_dot.prt
  40 portalclusters
  86 numportals
0...1...2...3...4...5...6...7...8...9...100...1...2...3...4...5...6...7...8...9...10Optimized: 0 visible clusters (0.00%)
Total clusters visible: 1144
Average clusters visible: 28
Building PAS...
Average clusters audible: 32
visdatasize:732  compressed from 640
writing c:\program files (x86)\steam\steamapps\sourcemods\who\maps\red_dot.bsp
0 seconds elapsed



Could not find lights.rad in lights.rad.
Trying VRAD BIN directory instead...
Warning: Couldn't open texlight file C:\Program Files (x86)\Steam\steamapps\common\Source SDK Base 2013 Singleplayer\bin\lights.rad.
Loading c:\program files (x86)\steam\steamapps\sourcemods\who\maps\red_dot.bsp
32 faces
812 square feet [116932.00 square inches]
0 Displacements
0 Square Feet [0.00 Square Inches]
32 patches before subdivision
32 patches after subdivision
0 direct lights
0...1...2...3...4...5...6...7...8...9...100...1...2...3...4...5...6...7...8...9...10transfers 230, max 14
transfer lists:   0.0 megs
0...1...2...3...4...5...6...7...8...9...10	Bounce #1 added RGB(0, 0, 0)
Build Patch/Sample Hash Table(s).....Done<0.0000 sec>
0...1...2...3...4...5...6...7...8...9...10FinalLightFace Done
0 of 0 (0% of) surface lights went in leaf ambient cubes.
0...1...2...3...4...5...6...7...8...9...10Writing leaf ambient...done
Ready to Finish

Object names       Objects/Maxobjs  Memory / Maxmem  Fullness 
------------       ---------------  ---------------  -------- 
models                   2/1024           96/49152    ( 0.2%) 
brushes                 13/8192          156/98304    ( 0.2%) 
brushsides              78/65536         624/524288   ( 0.1%) 
planes                  90/65536        1800/1310720  ( 0.1%) 
vertexes               109/65536        1308/786432   ( 0.2%) 
nodes                   93/65536        2976/2097152  ( 0.1%) 
texinfos                11/12288         792/884736   ( 0.1%) 
texdata                  3/2048           96/65536    ( 0.1%) 
dispinfos                0/0               0/0        ( 0.0%) 
disp_verts               0/0               0/0        ( 0.0%) 
disp_tris                0/0               0/0        ( 0.0%) 
disp_lmsamples           0/0               0/0        ( 0.0%) 
faces                   32/65536        1792/3670016  ( 0.0%) 
hdr faces                0/65536           0/3670016  ( 0.0%) 
origfaces               18/65536        1008/3670016  ( 0.0%) 
leaves                  96/65536        3072/2097152  ( 0.1%) 
leaffaces               32/65536          64/131072   ( 0.0%) 
leafbrushes             41/65536          82/131072   ( 0.1%) 
areas                    3/256            24/2048     ( 1.2%) 
surfedges              204/512000        816/2048000  ( 0.0%) 
edges                  122/256000        488/1024000  ( 0.0%) 
LDR worldlights          0/65536           0/5767168  ( 0.0%) 
HDR worldlights          0/65536           0/5767168  ( 0.0%) 
leafwaterdata            0/32768           0/393216   ( 0.0%) 
waterstrips              2/32768          20/327680   ( 0.0%) 
waterverts               0/65536           0/786432   ( 0.0%) 
waterindices            24/65536          48/131072   ( 0.0%) 
cubemapsamples           0/1024            0/16384    ( 0.0%) 
overlays                 0/8192            0/2883584  ( 0.0%) 
LDR lightdata         [variable]           0/0        ( 0.0%) 
HDR lightdata         [variable]           0/0        ( 0.0%) 
visdata               [variable]         732/16777216 ( 0.0%) 
entdata               [variable]        6813/393216   ( 1.7%) 
LDR ambient table       96/65536         384/262144   ( 0.1%) 
HDR ambient table       96/65536         384/262144   ( 0.1%) 
LDR leaf ambient        46/65536        1288/1835008  ( 0.1%) 
HDR leaf ambient        96/65536        2688/1835008  ( 0.1%) 
occluders                0/0               0/0        ( 0.0%) 
occluder polygons        0/0               0/0        ( 0.0%) 
occluder vert ind        0/0               0/0        ( 0.0%) 
detail props          [variable]           1/12       ( 8.3%) 
static props          [variable]           1/12       ( 8.3%) 
pakfile               [variable]          54/0        ( 0.0%) 
physics               [variable]        5168/4194304  ( 0.1%) 
physics terrain       [variable]           2/1048576  ( 0.0%) 

Level flags = 0

Total triangle count: 68
Writing c:\program files (x86)\steam\steamapps\sourcemods\who\maps\red_dot.bsp
0 seconds elapsed



Could not find lights.rad in lights.rad.
Trying VRAD BIN directory instead...
Warning: Couldn't open texlight file C:\Program Files (x86)\Steam\steamapps\common\Source SDK Base 2013 Singleplayer\bin\lights.rad.
Loading c:\program files (x86)\steam\steamapps\sourcemods\who\maps\red_dot.bsp
32 faces
812 square feet [116932.00 square inches]
0 Displacements
0 Square Feet [0.00 Square Inches]
32 patches before subdivision
32 patches after subdivision
0 direct lights
0...1...2...3...4...5...6...7...8...9...100...1...2...3...4...5...6...7...8...9...10transfers 230, max 14
transfer lists:   0.0 megs
0...1...2...3...4...5...6...7...8...9...10	Bounce #1 added RGB(0, 0, 0)
Build Patch/Sample Hash Table(s).....Done<0.0000 sec>
0...1...2...3...4...5...6...7...8...9...10FinalLightFace Done
0 of 0 (0% of) surface lights went in leaf ambient cubes.
0...1...2...3...4...5...6...7...8...9...10Writing leaf ambient...done
Ready to Finish

Object names       Objects/Maxobjs  Memory / Maxmem  Fullness 
------------       ---------------  ---------------  -------- 
models                   2/1024           96/49152    ( 0.2%) 
brushes                 13/8192          156/98304    ( 0.2%) 
brushsides              78/65536         624/524288   ( 0.1%) 
planes                  90/65536        1800/1310720  ( 0.1%) 
vertexes               109/65536        1308/786432   ( 0.2%) 
nodes                   93/65536        2976/2097152  ( 0.1%) 
texinfos                11/12288         792/884736   ( 0.1%) 
texdata                  3/2048           96/65536    ( 0.1%) 
dispinfos                0/0               0/0        ( 0.0%) 
disp_verts               0/0               0/0        ( 0.0%) 
disp_tris                0/0               0/0        ( 0.0%) 
disp_lmsamples           0/0               0/0        ( 0.0%) 
faces                   32/65536        1792/3670016  ( 0.0%) 
hdr faces               32/65536        1792/3670016  ( 0.0%) 
origfaces               18/65536        1008/3670016  ( 0.0%) 
leaves                  96/65536        3072/2097152  ( 0.1%) 
leaffaces               32/65536          64/131072   ( 0.0%) 
leafbrushes             41/65536          82/131072   ( 0.1%) 
areas                    3/256            24/2048     ( 1.2%) 
surfedges              204/512000        816/2048000  ( 0.0%) 
edges                  122/256000        488/1024000  ( 0.0%) 
LDR worldlights          0/65536           0/5767168  ( 0.0%) 
HDR worldlights          0/65536           0/5767168  ( 0.0%) 
leafwaterdata            0/32768           0/393216   ( 0.0%) 
waterstrips              2/32768          20/327680   ( 0.0%) 
waterverts               0/65536           0/786432   ( 0.0%) 
waterindices            24/65536          48/131072   ( 0.0%) 
cubemapsamples           0/1024            0/16384    ( 0.0%) 
overlays                 0/8192            0/2883584  ( 0.0%) 
LDR lightdata         [variable]           0/0        ( 0.0%) 
HDR lightdata         [variable]           0/0        ( 0.0%) 
visdata               [variable]         732/16777216 ( 0.0%) 
entdata               [variable]        6813/393216   ( 1.7%) 
LDR ambient table       96/65536         384/262144   ( 0.1%) 
HDR ambient table       96/65536         384/262144   ( 0.1%) 
LDR leaf ambient        46/65536        1288/1835008  ( 0.1%) 
HDR leaf ambient        46/65536        1288/1835008  ( 0.1%) 
occluders                0/0               0/0        ( 0.0%) 
occluder polygons        0/0               0/0        ( 0.0%) 
occluder vert ind        0/0               0/0        ( 0.0%) 
detail props          [variable]           1/12       ( 8.3%) 
static props          [variable]           1/12       ( 8.3%) 
pakfile               [variable]          54/0        ( 0.0%) 
physics               [variable]        5168/4194304  ( 0.1%) 
physics terrain       [variable]           2/1048576  ( 0.0%) 

Level flags = 0

Total triangle count: 68
Writing c:\program files (x86)\steam\steamapps\sourcemods\who\maps\red_dot.bsp
0 seconds elapsed



materialPath: C:\Program Files (x86)\Steam\steamapps\sourcemods\who\materials
Loading c:\program files (x86)\steam\steamapps\sourcemods\who\maps\red_dot.vmf
ConVarRef mat_reduceparticles doesn't point to an existing ConVar
Could not locate 'GameData' key in c:\program files (x86)\steam\steamapps\sourcemods\who\gameinfo.txt
fixing up env_cubemap materials on brush sides...
0...1...2...3...4...5...6...7...8...9...100...1...2...3...4...5...6...7...8...9...10Processing areas...done (0)
Building Faces...done (0)
FixTjuncs...
PruneNodes...
WriteBSP...
done (0)
writing c:\program files (x86)\steam\steamapps\sourcemods\who\maps\red_dot.prt...Building visibility clusters...
done (0)
Finding displacement neighbors...
Finding lightmap sample positions...
Displacement Alpha : 0...1...2...3...4...5...6...7...8...9...10
Building Physics collision data...
done (0) (5168 bytes)
Placing static props...
Placing detail props : 0...1...2...3...4...5...6...7...8...9...10
Compacting texture/material tables...
Reduced 29 texinfos to 11
Reduced 3 texdatas to 3 (54 bytes to 54)
Writing c:\program files (x86)\steam\steamapps\sourcemods\who\maps\red_dot.bsp
0 seconds elapsed



6 threads
reading c:\program files (x86)\steam\steamapps\sourcemods\who\maps\red_dot.bsp
reading c:\program files (x86)\steam\steamapps\sourcemods\who\maps\red_dot.prt
  40 portalclusters
  86 numportals
0...1...2...3...4...5...6...7...8...9...100...1...2...3...4...5...6...7...8...9...10Optimized: 0 visible clusters (0.00%)
Total clusters visible: 1144
Average clusters visible: 28
Building PAS...
Average clusters audible: 32
visdatasize:732  compressed from 640
writing c:\program files (x86)\steam\steamapps\sourcemods\who\maps\red_dot.bsp
0 seconds elapsed



Could not find lights.rad in lights.rad.
Trying VRAD BIN directory instead...
Warning: Couldn't open texlight file C:\Program Files (x86)\Steam\steamapps\common\Source SDK Base 2013 Singleplayer\bin\lights.rad.
Loading c:\program files (x86)\steam\steamapps\sourcemods\who\maps\red_dot.bsp
32 faces
812 square feet [116932.00 square inches]
0 Displacements
0 Square Feet [0.00 Square Inches]
32 patches before subdivision
32 patches after subdivision
0 direct lights
0...1...2...3...4...5...6...7...8...9...100...1...2...3...4...5...6...7...8...9...10transfers 230, max 14
transfer lists:   0.0 megs
0...1...2...3...4...5...6...7...8...9...10	Bounce #1 added RGB(0, 0, 0)
Build Patch/Sample Hash Table(s).....Done<0.0000 sec>
0...1...2...3...4...5...6...7...8...9...10FinalLightFace Done
0 of 0 (0% of) surface lights went in leaf ambient cubes.
0...1...2...3...4...5...6...7...8...9...10Writing leaf ambient...done
Ready to Finish

Object names       Objects/Maxobjs  Memory / Maxmem  Fullness 
------------       ---------------  ---------------  -------- 
models                   2/1024           96/49152    ( 0.2%) 
brushes                 13/8192          156/98304    ( 0.2%) 
brushsides              78/65536         624/524288   ( 0.1%) 
planes                  90/65536        1800/1310720  ( 0.1%) 
vertexes               109/65536        1308/786432   ( 0.2%) 
nodes                   93/65536        2976/2097152  ( 0.1%) 
texinfos                11/12288         792/884736   ( 0.1%) 
texdata                  3/2048           96/65536    ( 0.1%) 
dispinfos                0/0               0/0        ( 0.0%) 
disp_verts               0/0               0/0        ( 0.0%) 
disp_tris                0/0               0/0        ( 0.0%) 
disp_lmsamples           0/0               0/0        ( 0.0%) 
faces                   32/65536        1792/3670016  ( 0.0%) 
hdr faces                0/65536           0/3670016  ( 0.0%) 
origfaces               18/65536        1008/3670016  ( 0.0%) 
leaves                  96/65536        3072/2097152  ( 0.1%) 
leaffaces               32/65536          64/131072   ( 0.0%) 
leafbrushes             41/65536          82/131072   ( 0.1%) 
areas                    3/256            24/2048     ( 1.2%) 
surfedges              204/512000        816/2048000  ( 0.0%) 
edges                  122/256000        488/1024000  ( 0.0%) 
LDR worldlights          0/65536           0/5767168  ( 0.0%) 
HDR worldlights          0/65536           0/5767168  ( 0.0%) 
leafwaterdata            0/32768           0/393216   ( 0.0%) 
waterstrips              2/32768          20/327680   ( 0.0%) 
waterverts               0/65536           0/786432   ( 0.0%) 
waterindices            24/65536          48/131072   ( 0.0%) 
cubemapsamples           0/1024            0/16384    ( 0.0%) 
overlays                 0/8192            0/2883584  ( 0.0%) 
LDR lightdata         [variable]           0/0        ( 0.0%) 
HDR lightdata         [variable]           0/0        ( 0.0%) 
visdata               [variable]         732/16777216 ( 0.0%) 
entdata               [variable]        6813/393216   ( 1.7%) 
LDR ambient table       96/65536         384/262144   ( 0.1%) 
HDR ambient table       96/65536         384/262144   ( 0.1%) 
LDR leaf ambient        46/65536        1288/1835008  ( 0.1%) 
HDR leaf ambient        96/65536        2688/1835008  ( 0.1%) 
occluders                0/0               0/0        ( 0.0%) 
occluder polygons        0/0               0/0        ( 0.0%) 
occluder vert ind        0/0               0/0        ( 0.0%) 
detail props          [variable]           1/12       ( 8.3%) 
static props          [variable]           1/12       ( 8.3%) 
pakfile               [variable]          54/0        ( 0.0%) 
physics               [variable]        5168/4194304  ( 0.1%) 
physics terrain       [variable]           2/1048576  ( 0.0%) 

Level flags = 0

Total triangle count: 68
Writing c:\program files (x86)\steam\steamapps\sourcemods\who\maps\red_dot.bsp
0 seconds elapsed



Could not find lights.rad in lights.rad.
Trying VRAD BIN directory instead...
Warning: Couldn't open texlight file C:\Program Files (x86)\Steam\steamapps\common\Source SDK Base 2013 Singleplayer\bin\lights.rad.
Loading c:\program files (x86)\steam\steamapps\sourcemods\who\maps\red_dot.bsp
32 faces
812 square feet [116932.00 square inches]
0 Displacements
0 Square Feet [0.00 Square Inches]
32 patches before subdivision
32 patches after subdivision
0 direct lights
0...1...2...3...4...5...6...7...8...9...100...1...2...3...4...5...6...7...8...9...10transfers 230, max 14
transfer lists:   0.0 megs
0...1...2...3...4...5...6...7...8...9...10	Bounce #1 added RGB(0, 0, 0)
Build Patch/Sample Hash Table(s).....Done<0.0000 sec>
0...1...2...3...4...5...6...7...8...9...10FinalLightFace Done
0 of 0 (0% of) surface lights went in leaf ambient cubes.
0...1...2...3...4...5...6...7...8...9...10Writing leaf ambient...done
Ready to Finish

Object names       Objects/Maxobjs  Memory / Maxmem  Fullness 
------------       ---------------  ---------------  -------- 
models                   2/1024           96/49152    ( 0.2%) 
brushes                 13/8192          156/98304    ( 0.2%) 
brushsides              78/65536         624/524288   ( 0.1%) 
planes                  90/65536        1800/1310720  ( 0.1%) 
vertexes               109/65536        1308/786432   ( 0.2%) 
nodes                   93/65536        2976/2097152  ( 0.1%) 
texinfos                11/12288         792/884736   ( 0.1%) 
texdata                  3/2048           96/65536    ( 0.1%) 
dispinfos                0/0               0/0        ( 0.0%) 
disp_verts               0/0               0/0        ( 0.0%) 
disp_tris                0/0               0/0        ( 0.0%) 
disp_lmsamples           0/0               0/0        ( 0.0%) 
faces                   32/65536        1792/3670016  ( 0.0%) 
hdr faces               32/65536        1792/3670016  ( 0.0%) 
origfaces               18/65536        1008/3670016  ( 0.0%) 
leaves                  96/65536        3072/2097152  ( 0.1%) 
leaffaces               32/65536          64/131072   ( 0.0%) 
leafbrushes             41/65536          82/131072   ( 0.1%) 
areas                    3/256            24/2048     ( 1.2%) 
surfedges              204/512000        816/2048000  ( 0.0%) 
edges                  122/256000        488/1024000  ( 0.0%) 
LDR worldlights          0/65536           0/5767168  ( 0.0%) 
HDR worldlights          0/65536           0/5767168  ( 0.0%) 
leafwaterdata            0/32768           0/393216   ( 0.0%) 
waterstrips              2/32768          20/327680   ( 0.0%) 
waterverts               0/65536           0/786432   ( 0.0%) 
waterindices            24/65536          48/131072   ( 0.0%) 
cubemapsamples           0/1024            0/16384    ( 0.0%) 
overlays                 0/8192            0/2883584  ( 0.0%) 
LDR lightdata         [variable]           0/0        ( 0.0%) 
HDR lightdata         [variable]           0/0        ( 0.0%) 
visdata               [variable]         732/16777216 ( 0.0%) 
entdata               [variable]        6813/393216   ( 1.7%) 
LDR ambient table       96/65536         384/262144   ( 0.1%) 
HDR ambient table       96/65536         384/262144   ( 0.1%) 
LDR leaf ambient        46/65536        1288/1835008  ( 0.1%) 
HDR leaf ambient        46/65536        1288/1835008  ( 0.1%) 
occluders                0/0               0/0        ( 0.0%) 
occluder polygons        0/0               0/0        ( 0.0%) 
occluder vert ind        0/0               0/0        ( 0.0%) 
detail props          [variable]           1/12       ( 8.3%) 
static props          [variable]           1/12       ( 8.3%) 
pakfile               [variable]          54/0        ( 0.0%) 
physics               [variable]        5168/4194304  ( 0.1%) 
physics terrain       [variable]           2/1048576  ( 0.0%) 

Level flags = 0

Total triangle count: 68
Writing c:\program files (x86)\steam\steamapps\sourcemods\who\maps\red_dot.bsp
0 seconds elapsed



materialPath: C:\Program Files (x86)\Steam\steamapps\sourcemods\who\materials
Loading c:\program files (x86)\steam\steamapps\sourcemods\who\maps\red_dot.vmf
ConVarRef mat_reduceparticles doesn't point to an existing ConVar
Could not locate 'GameData' key in c:\program files (x86)\steam\steamapps\sourcemods\who\gameinfo.txt
fixing up env_cubemap materials on brush sides...
0...1...2...3...4...5...6...7...8...9...100...1...2...3...4...5...6...7...8...9...10Processing areas...done (0)
Building Faces...done (0)
FixTjuncs...
PruneNodes...
WriteBSP...
done (0)
writing c:\program files (x86)\steam\steamapps\sourcemods\who\maps\red_dot.prt...Building visibility clusters...
done (0)
Finding displacement neighbors...
Finding lightmap sample positions...
Displacement Alpha : 0...1...2...3...4...5...6...7...8...9...10
Building Physics collision data...
done (0) (5168 bytes)
Placing static props...
Placing detail props : 0...1...2...3...4...5...6...7...8...9...10
Compacting texture/material tables...
Reduced 29 texinfos to 11
Reduced 3 texdatas to 3 (54 bytes to 54)
Writing c:\program files (x86)\steam\steamapps\sourcemods\who\maps\red_dot.bsp
0 seconds elapsed



6 threads
reading c:\program files (x86)\steam\steamapps\sourcemods\who\maps\red_dot.bsp
reading c:\program files (x86)\steam\steamapps\sourcemods\who\maps\red_dot.prt
  40 portalclusters
  86 numportals
0...1...2...3...4...5...6...7...8...9...100...1...2...3...4...5...6...7...8...9...10Optimized: 0 visible clusters (0.00%)
Total clusters visible: 1144
Average clusters visible: 28
Building PAS...
Average clusters audible: 32
visdatasize:732  compressed from 640
writing c:\program files (x86)\steam\steamapps\sourcemods\who\maps\red_dot.bsp
0 seconds elapsed



Could not find lights.rad in lights.rad.
Trying VRAD BIN directory instead...
Warning: Couldn't open texlight file C:\Program Files (x86)\Steam\steamapps\common\Source SDK Base 2013 Singleplayer\bin\lights.rad.
Loading c:\program files (x86)\steam\steamapps\sourcemods\who\maps\red_dot.bsp
32 faces
812 square feet [116932.00 square inches]
0 Displacements
0 Square Feet [0.00 Square Inches]
32 patches before subdivision
32 patches after subdivision
0 direct lights
0...1...2...3...4...5...6...7...8...9...100...1...2...3...4...5...6...7...8...9...10transfers 230, max 14
transfer lists:   0.0 megs
0...1...2...3...4...5...6...7...8...9...10	Bounce #1 added RGB(0, 0, 0)
Build Patch/Sample Hash Table(s).....Done<0.0000 sec>
0...1...2...3...4...5...6...7...8...9...10FinalLightFace Done
0 of 0 (0% of) surface lights went in leaf ambient cubes.
0...1...2...3...4...5...6...7...8...9...10Writing leaf ambient...done
Ready to Finish

Object names       Objects/Maxobjs  Memory / Maxmem  Fullness 
------------       ---------------  ---------------  -------- 
models                   2/1024           96/49152    ( 0.2%) 
brushes                 13/8192          156/98304    ( 0.2%) 
brushsides              78/65536         624/524288   ( 0.1%) 
planes                  90/65536        1800/1310720  ( 0.1%) 
vertexes               109/65536        1308/786432   ( 0.2%) 
nodes                   93/65536        2976/2097152  ( 0.1%) 
texinfos                11/12288         792/884736   ( 0.1%) 
texdata                  3/2048           96/65536    ( 0.1%) 
dispinfos                0/0               0/0        ( 0.0%) 
disp_verts               0/0               0/0        ( 0.0%) 
disp_tris                0/0               0/0        ( 0.0%) 
disp_lmsamples           0/0               0/0        ( 0.0%) 
faces                   32/65536        1792/3670016  ( 0.0%) 
hdr faces                0/65536           0/3670016  ( 0.0%) 
origfaces               18/65536        1008/3670016  ( 0.0%) 
leaves                  96/65536        3072/2097152  ( 0.1%) 
leaffaces               32/65536          64/131072   ( 0.0%) 
leafbrushes             41/65536          82/131072   ( 0.1%) 
areas                    3/256            24/2048     ( 1.2%) 
surfedges              204/512000        816/2048000  ( 0.0%) 
edges                  122/256000        488/1024000  ( 0.0%) 
LDR worldlights          0/65536           0/5767168  ( 0.0%) 
HDR worldlights          0/65536           0/5767168  ( 0.0%) 
leafwaterdata            0/32768           0/393216   ( 0.0%) 
waterstrips              2/32768          20/327680   ( 0.0%) 
waterverts               0/65536           0/786432   ( 0.0%) 
waterindices            24/65536          48/131072   ( 0.0%) 
cubemapsamples           0/1024            0/16384    ( 0.0%) 
overlays                 0/8192            0/2883584  ( 0.0%) 
LDR lightdata         [variable]           0/0        ( 0.0%) 
HDR lightdata         [variable]           0/0        ( 0.0%) 
visdata               [variable]         732/16777216 ( 0.0%) 
entdata               [variable]        6813/393216   ( 1.7%) 
LDR ambient table       96/65536         384/262144   ( 0.1%) 
HDR ambient table       96/65536         384/262144   ( 0.1%) 
LDR leaf ambient        46/65536        1288/1835008  ( 0.1%) 
HDR leaf ambient        96/65536        2688/1835008  ( 0.1%) 
occluders                0/0               0/0        ( 0.0%) 
occluder polygons        0/0               0/0        ( 0.0%) 
occluder vert ind        0/0               0/0        ( 0.0%) 
detail props          [variable]           1/12       ( 8.3%) 
static props          [variable]           1/12       ( 8.3%) 
pakfile               [variable]          54/0        ( 0.0%) 
physics               [variable]        5168/4194304  ( 0.1%) 
physics terrain       [variable]           2/1048576  ( 0.0%) 

Level flags = 0

Total triangle count: 68
Writing c:\program files (x86)\steam\steamapps\sourcemods\who\maps\red_dot.bsp
0 seconds elapsed



Could not find lights.rad in lights.rad.
Trying VRAD BIN directory instead...
Warning: Couldn't open texlight file C:\Program Files (x86)\Steam\steamapps\common\Source SDK Base 2013 Singleplayer\bin\lights.rad.
Loading c:\program files (x86)\steam\steamapps\sourcemods\who\maps\red_dot.bsp
32 faces
812 square feet [116932.00 square inches]
0 Displacements
0 Square Feet [0.00 Square Inches]
32 patches before subdivision
32 patches after subdivision
0 direct lights
0...1...2...3...4...5...6...7...8...9...100...1...2...3...4...5...6...7...8...9...10transfers 230, max 14
transfer lists:   0.0 megs
0...1...2...3...4...5...6...7...8...9...10	Bounce #1 added RGB(0, 0, 0)
Build Patch/Sample Hash Table(s).....Done<0.0000 sec>
0...1...2...3...4...5...6...7...8...9...10FinalLightFace Done
0 of 0 (0% of) surface lights went in leaf ambient cubes.
0...1...2...3...4...5...6...7...8...9...10Writing leaf ambient...done
Ready to Finish

Object names       Objects/Maxobjs  Memory / Maxmem  Fullness 
------------       ---------------  ---------------  -------- 
models                   2/1024           96/49152    ( 0.2%) 
brushes                 13/8192          156/98304    ( 0.2%) 
brushsides              78/65536         624/524288   ( 0.1%) 
planes                  90/65536        1800/1310720  ( 0.1%) 
vertexes               109/65536        1308/786432   ( 0.2%) 
nodes                   93/65536        2976/2097152  ( 0.1%) 
texinfos                11/12288         792/884736   ( 0.1%) 
texdata                  3/2048           96/65536    ( 0.1%) 
dispinfos                0/0               0/0        ( 0.0%) 
disp_verts               0/0               0/0        ( 0.0%) 
disp_tris                0/0               0/0        ( 0.0%) 
disp_lmsamples           0/0               0/0        ( 0.0%) 
faces                   32/65536        1792/3670016  ( 0.0%) 
hdr faces               32/65536        1792/3670016  ( 0.0%) 
origfaces               18/65536        1008/3670016  ( 0.0%) 
leaves                  96/65536        3072/2097152  ( 0.1%) 
leaffaces               32/65536          64/131072   ( 0.0%) 
leafbrushes             41/65536          82/131072   ( 0.1%) 
areas                    3/256            24/2048     ( 1.2%) 
surfedges              204/512000        816/2048000  ( 0.0%) 
edges                  122/256000        488/1024000  ( 0.0%) 
LDR worldlights          0/65536           0/5767168  ( 0.0%) 
HDR worldlights          0/65536           0/5767168  ( 0.0%) 
leafwaterdata            0/32768           0/393216   ( 0.0%) 
waterstrips              2/32768          20/327680   ( 0.0%) 
waterverts               0/65536           0/786432   ( 0.0%) 
waterindices            24/65536          48/131072   ( 0.0%) 
cubemapsamples           0/1024            0/16384    ( 0.0%) 
overlays                 0/8192            0/2883584  ( 0.0%) 
LDR lightdata         [variable]           0/0        ( 0.0%) 
HDR lightdata         [variable]           0/0        ( 0.0%) 
visdata               [variable]         732/16777216 ( 0.0%) 
entdata               [variable]        6813/393216   ( 1.7%) 
LDR ambient table       96/65536         384/262144   ( 0.1%) 
HDR ambient table       96/65536         384/262144   ( 0.1%) 
LDR leaf ambient        46/65536        1288/1835008  ( 0.1%) 
HDR leaf ambient        46/65536        1288/1835008  ( 0.1%) 
occluders                0/0               0/0        ( 0.0%) 
occluder polygons        0/0               0/0        ( 0.0%) 
occluder vert ind        0/0               0/0        ( 0.0%) 
detail props          [variable]           1/12       ( 8.3%) 
static props          [variable]           1/12       ( 8.3%) 
pakfile               [variable]          54/0        ( 0.0%) 
physics               [variable]        5168/4194304  ( 0.1%) 
physics terrain       [variable]           2/1048576  ( 0.0%) 

Level flags = 0

Total triangle count: 68
Writing c:\program files (x86)\steam\steamapps\sourcemods\who\maps\red_dot.bsp
0 seconds elapsed



materialPath: C:\Program Files (x86)\Steam\steamapps\sourcemods\who\materials
Loading c:\program files (x86)\steam\steamapps\sourcemods\who\maps\red_dot.vmf
ConVarRef mat_reduceparticles doesn't point to an existing ConVar
Could not locate 'GameData' key in c:\program files (x86)\steam\steamapps\sourcemods\who\gameinfo.txt
fixing up env_cubemap materials on brush sides...
0...1...2...3...4...5...6...7...8...9...100...1...2...3...4...5...6...7...8...9...10Processing areas...done (0)
Building Faces...done (0)
FixTjuncs...
PruneNodes...
WriteBSP...
done (0)
writing c:\program files (x86)\steam\steamapps\sourcemods\who\maps\red_dot.prt...Building visibility clusters...
done (0)
Finding displacement neighbors...
Finding lightmap sample positions...
Displacement Alpha : 0...1...2...3...4...5...6...7...8...9...10
Building Physics collision data...
done (0) (5168 bytes)
Placing static props...
Placing detail props : 0...1...2...3...4...5...6...7...8...9...10
Compacting texture/material tables...
Reduced 29 texinfos to 11
Reduced 3 texdatas to 3 (54 bytes to 54)
Writing c:\program files (x86)\steam\steamapps\sourcemods\who\maps\red_dot.bsp
0 seconds elapsed



6 threads
reading c:\program files (x86)\steam\steamapps\sourcemods\who\maps\red_dot.bsp
reading c:\program files (x86)\steam\steamapps\sourcemods\who\maps\red_dot.prt
  40 portalclusters
  86 numportals
0...1...2...3...4...5...6...7...8...9...100...1...2...3...4...5...6...7...8...9...10Optimized: 0 visible clusters (0.00%)
Total clusters visible: 1144
Average clusters visible: 28
Building PAS...
Average clusters audible: 32
visdatasize:732  compressed from 640
writing c:\program files (x86)\steam\steamapps\sourcemods\who\maps\red_dot.bsp
0 seconds elapsed



Could not find lights.rad in lights.rad.
Trying VRAD BIN directory instead...
Warning: Couldn't open texlight file C:\Program Files (x86)\Steam\steamapps\common\Source SDK Base 2013 Singleplayer\bin\lights.rad.
Loading c:\program files (x86)\steam\steamapps\sourcemods\who\maps\red_dot.bsp
32 faces
812 square feet [116932.00 square inches]
0 Displacements
0 Square Feet [0.00 Square Inches]
32 patches before subdivision
32 patches after subdivision
0 direct lights
0...1...2...3...4...5...6...7...8...9...100...1...2...3...4...5...6...7...8...9...10transfers 230, max 14
transfer lists:   0.0 megs
0...1...2...3...4...5...6...7...8...9...10	Bounce #1 added RGB(0, 0, 0)
Build Patch/Sample Hash Table(s).....Done<0.0000 sec>
0...1...2...3...4...5...6...7...8...9...10FinalLightFace Done
0 of 0 (0% of) surface lights went in leaf ambient cubes.
0...1...2...3...4...5...6...7...8...9...10Writing leaf ambient...done
Ready to Finish

Object names       Objects/Maxobjs  Memory / Maxmem  Fullness 
------------       ---------------  ---------------  -------- 
models                   2/1024           96/49152    ( 0.2%) 
brushes                 13/8192          156/98304    ( 0.2%) 
brushsides              78/65536         624/524288   ( 0.1%) 
planes                  90/65536        1800/1310720  ( 0.1%) 
vertexes               109/65536        1308/786432   ( 0.2%) 
nodes                   93/65536        2976/2097152  ( 0.1%) 
texinfos                11/12288         792/884736   ( 0.1%) 
texdata                  3/2048           96/65536    ( 0.1%) 
dispinfos                0/0               0/0        ( 0.0%) 
disp_verts               0/0               0/0        ( 0.0%) 
disp_tris                0/0               0/0        ( 0.0%) 
disp_lmsamples           0/0               0/0        ( 0.0%) 
faces                   32/65536        1792/3670016  ( 0.0%) 
hdr faces                0/65536           0/3670016  ( 0.0%) 
origfaces               18/65536        1008/3670016  ( 0.0%) 
leaves                  96/65536        3072/2097152  ( 0.1%) 
leaffaces               32/65536          64/131072   ( 0.0%) 
leafbrushes             41/65536          82/131072   ( 0.1%) 
areas                    3/256            24/2048     ( 1.2%) 
surfedges              204/512000        816/2048000  ( 0.0%) 
edges                  122/256000        488/1024000  ( 0.0%) 
LDR worldlights          0/65536           0/5767168  ( 0.0%) 
HDR worldlights          0/65536           0/5767168  ( 0.0%) 
leafwaterdata            0/32768           0/393216   ( 0.0%) 
waterstrips              2/32768          20/327680   ( 0.0%) 
waterverts               0/65536           0/786432   ( 0.0%) 
waterindices            24/65536          48/131072   ( 0.0%) 
cubemapsamples           0/1024            0/16384    ( 0.0%) 
overlays                 0/8192            0/2883584  ( 0.0%) 
LDR lightdata         [variable]           0/0        ( 0.0%) 
HDR lightdata         [variable]           0/0        ( 0.0%) 
visdata               [variable]         732/16777216 ( 0.0%) 
entdata               [variable]        6813/393216   ( 1.7%) 
LDR ambient table       96/65536         384/262144   ( 0.1%) 
HDR ambient table       96/65536         384/262144   ( 0.1%) 
LDR leaf ambient        46/65536        1288/1835008  ( 0.1%) 
HDR leaf ambient        96/65536        2688/1835008  ( 0.1%) 
occluders                0/0               0/0        ( 0.0%) 
occluder polygons        0/0               0/0        ( 0.0%) 
occluder vert ind        0/0               0/0        ( 0.0%) 
detail props          [variable]           1/12       ( 8.3%) 
static props          [variable]           1/12       ( 8.3%) 
pakfile               [variable]          54/0        ( 0.0%) 
physics               [variable]        5168/4194304  ( 0.1%) 
physics terrain       [variable]           2/1048576  ( 0.0%) 

Level flags = 0

Total triangle count: 68
Writing c:\program files (x86)\steam\steamapps\sourcemods\who\maps\red_dot.bsp
0 seconds elapsed



Could not find lights.rad in lights.rad.
Trying VRAD BIN directory instead...
Warning: Couldn't open texlight file C:\Program Files (x86)\Steam\steamapps\common\Source SDK Base 2013 Singleplayer\bin\lights.rad.
Loading c:\program files (x86)\steam\steamapps\sourcemods\who\maps\red_dot.bsp
32 faces
812 square feet [116932.00 square inches]
0 Displacements
0 Square Feet [0.00 Square Inches]
32 patches before subdivision
32 patches after subdivision
0 direct lights
0...1...2...3...4...5...6...7...8...9...100...1...2...3...4...5...6...7...8...9...10transfers 230, max 14
transfer lists:   0.0 megs
0...1...2...3...4...5...6...7...8...9...10	Bounce #1 added RGB(0, 0, 0)
Build Patch/Sample Hash Table(s).....Done<0.0000 sec>
0...1...2...3...4...5...6...7...8...9...10FinalLightFace Done
0 of 0 (0% of) surface lights went in leaf ambient cubes.
0...1...2...3...4...5...6...7...8...9...10Writing leaf ambient...done
Ready to Finish

Object names       Objects/Maxobjs  Memory / Maxmem  Fullness 
------------       ---------------  ---------------  -------- 
models                   2/1024           96/49152    ( 0.2%) 
brushes                 13/8192          156/98304    ( 0.2%) 
brushsides              78/65536         624/524288   ( 0.1%) 
planes                  90/65536        1800/1310720  ( 0.1%) 
vertexes               109/65536        1308/786432   ( 0.2%) 
nodes                   93/65536        2976/2097152  ( 0.1%) 
texinfos                11/12288         792/884736   ( 0.1%) 
texdata                  3/2048           96/65536    ( 0.1%) 
dispinfos                0/0               0/0        ( 0.0%) 
disp_verts               0/0               0/0        ( 0.0%) 
disp_tris                0/0               0/0        ( 0.0%) 
disp_lmsamples           0/0               0/0        ( 0.0%) 
faces                   32/65536        1792/3670016  ( 0.0%) 
hdr faces               32/65536        1792/3670016  ( 0.0%) 
origfaces               18/65536        1008/3670016  ( 0.0%) 
leaves                  96/65536        3072/2097152  ( 0.1%) 
leaffaces               32/65536          64/131072   ( 0.0%) 
leafbrushes             41/65536          82/131072   ( 0.1%) 
areas                    3/256            24/2048     ( 1.2%) 
surfedges              204/512000        816/2048000  ( 0.0%) 
edges                  122/256000        488/1024000  ( 0.0%) 
LDR worldlights          0/65536           0/5767168  ( 0.0%) 
HDR worldlights          0/65536           0/5767168  ( 0.0%) 
leafwaterdata            0/32768           0/393216   ( 0.0%) 
waterstrips              2/32768          20/327680   ( 0.0%) 
waterverts               0/65536           0/786432   ( 0.0%) 
waterindices            24/65536          48/131072   ( 0.0%) 
cubemapsamples           0/1024            0/16384    ( 0.0%) 
overlays                 0/8192            0/2883584  ( 0.0%) 
LDR lightdata         [variable]           0/0        ( 0.0%) 
HDR lightdata         [variable]           0/0        ( 0.0%) 
visdata               [variable]         732/16777216 ( 0.0%) 
entdata               [variable]        6813/393216   ( 1.7%) 
LDR ambient table       96/65536         384/262144   ( 0.1%) 
HDR ambient table       96/65536         384/262144   ( 0.1%) 
LDR leaf ambient        46/65536        1288/1835008  ( 0.1%) 
HDR leaf ambient        46/65536        1288/1835008  ( 0.1%) 
occluders                0/0               0/0        ( 0.0%) 
occluder polygons        0/0               0/0        ( 0.0%) 
occluder vert ind        0/0               0/0        ( 0.0%) 
detail props          [variable]           1/12       ( 8.3%) 
static props          [variable]           1/12       ( 8.3%) 
pakfile               [variable]          54/0        ( 0.0%) 
physics               [variable]        5168/4194304  ( 0.1%) 
physics terrain       [variable]           2/1048576  ( 0.0%) 

Level flags = 0

Total triangle count: 68
Writing c:\program files (x86)\steam\steamapps\sourcemods\who\maps\red_dot.bsp
0 seconds elapsed
