PRT1
26
57
4 0 6 (223 0 173.727997 ) (198 0 173.727997 ) (198 0 69 ) (223 0 69 ) 
4 0 2 (274 0 69 ) (274 0 173.727997 ) (223 0 173.727997 ) (223 0 69 ) 
4 0 1 (199 38 69 ) (273 38 69 ) (273 0 69 ) (199 0 69 ) 
4 1 11 (273 0 69 ) (199 0 69 ) (199 0 64 ) (273 0 64 ) 
4 2 12 (283 -601 69 ) (223 -601 69 ) (223 -1 69 ) (283 -1 69 ) 
4 2 11 (223 0 69 ) (273 0 69 ) (273 -1 69 ) (223 -1 69 ) 
4 2 4 (223 -417 192 ) (223 -255 192 ) (223 -255 191.664001 ) (223 -417 191.664001 ) 
4 2 5 (223 -602 191.664001 ) (223 -602 192 ) (223 -447 192 ) (223 -447 191.664001 ) 
4 2 3 (223 -225 192 ) (223 0 192 ) (223 0 191.664001 ) (223 -225 191.664001 ) 
4 2 6 (223 0 69 ) (223 -602 69 ) (223 -602 191.664001 ) (223 0 191.664001 ) 
4 3 7 (193 -225 192 ) (193 0 192 ) (193 0 191.664001 ) (193 -225 191.664001 ) 
4 3 6 (223 0 191.664001 ) (223 -225 191.664001 ) (193 -225 191.664001 ) (193 0 191.664001 ) 
4 4 7 (193 -417 192 ) (193 -255 192 ) (193 -255 191.664001 ) (193 -417 191.664001 ) 
4 4 6 (223 -255 191.664001 ) (223 -417 191.664001 ) (193 -417 191.664001 ) (193 -255 191.664001 ) 
4 5 7 (193 -602 191.664001 ) (193 -602 192 ) (193 -447 192 ) (193 -447 191.664001 ) 
4 5 6 (223 -447 191.664001 ) (223 -602 191.664001 ) (193 -602 191.664001 ) (193 -447 191.664001 ) 
4 6 12 (223 -1 69 ) (223 -601 69 ) (193 -601 69 ) (193 -1 69 ) 
4 6 11 (199 0 69 ) (223 0 69 ) (223 -1 69 ) (199 -1 69 ) 
4 6 7 (193 0 69 ) (193 -602 69 ) (193 -602 191.664001 ) (193 0 191.664001 ) 
4 7 13 (170 -474.461029 69 ) (170 -1 69 ) (170.535004 -1 69 ) (170.535004 -474.461029 69 ) 
4 7 15 (170.535004 -601 69 ) (170 -601 69 ) (170 -490.539001 69 ) (170.535004 -490.539001 69 ) 
4 7 12 (193 -1 69 ) (193 -601 69 ) (170.535004 -601 69 ) (170.535004 -1 69 ) 
4 7 8 (170 0 69 ) (170 -475 69 ) (170 -475 192 ) (170 0 192 ) 
4 7 9 (170 -490 69 ) (170 -602 69 ) (170 -602 192 ) (170 -490 192 ) 
4 8 13 (170 -1 69 ) (170 -474.461029 69 ) (155 -474.461029 69 ) (155 -1 69 ) 
4 8 10 (155 0 69 ) (155 -475 69 ) (155 -475 192 ) (155 0 192 ) 
4 9 15 (170 -490.539001 69 ) (170 -601 69 ) (155 -601 69 ) (155 -490.539001 69 ) 
4 9 10 (155 -490 69 ) (155 -602 69 ) (155 -602 192 ) (155 -490 192 ) 
4 10 24 (149 -602 192 ) (149 -282 192 ) (149 -282 69 ) (149 -602 69 ) 
4 10 22 (149 -115 174.584015 ) (149 -115 69 ) (149 -116 69 ) (149 -116 174.584015 ) 
4 10 21 (149 -62 173.076019 ) (149 -62 69 ) (149 -115 69 ) (149 -115 173.076019 ) 
4 10 20 (149 -62 174.584015 ) (149 -62 173.076019 ) (149 -115 173.076019 ) (149 -115 174.584015 ) 
4 10 19 (149 -61 174.584015 ) (149 -61 69 ) (149 -62 69 ) (149 -62 174.584015 ) 
4 10 18 (149 -601 69 ) (149 -283 69 ) (150 -283 69 ) (150 -601 69 ) 
4 10 17 (149 -115 69 ) (149 -62 69 ) (150 -62 69 ) (150 -115 69 ) 
4 10 14 (154.460999 -1 69 ) (155 -1 69 ) (155 -474.461029 69 ) (154.460999 -474.461029 69 ) 
4 10 15 (155 -490.539001 69 ) (155 -601 69 ) (154.460999 -601 69 ) (154.460999 -490.539001 69 ) 
4 10 16 (150 -1 69 ) (154.460999 -1 69 ) (154.460999 -601 69 ) (150 -601 69 ) 
4 11 12 (273 -1 69 ) (199 -1 69 ) (199 -1 64 ) (273 -1 64 ) 
4 12 13 (170.535004 -1 69 ) (170.535004 -1 64 ) (170.535004 -474.461029 64 ) (170.535004 -474.461029 69 ) 
4 12 15 (170.535004 -490.539001 64 ) (170.535004 -601 64 ) (170.535004 -601 69 ) (170.535004 -490.539001 69 ) 
4 13 14 (155 -1 69 ) (155 -1 64 ) (155 -474.461029 64 ) (155 -474.461029 69 ) 
4 14 16 (154.460999 -1 69 ) (154.460999 -1 64 ) (154.460999 -474.461029 64 ) (154.460999 -474.461029 69 ) 
4 15 16 (154.460999 -490.539001 64 ) (154.460999 -601 64 ) (154.460999 -601 69 ) (154.460999 -490.539001 69 ) 
4 16 18 (150 -283 64 ) (150 -601 64 ) (150 -601 69 ) (150 -283 69 ) 
4 16 17 (150 -62 64 ) (150 -115 64 ) (150 -115 69 ) (150 -62 69 ) 
4 17 21 (149 -62 64 ) (149 -115 64 ) (149 -115 69 ) (149 -62 69 ) 
4 18 25 (149 -283 64 ) (149 -601 64 ) (149 -601 69 ) (149 -283 69 ) 
4 19 23 (140 -62 174.584015 ) (140 -62 69 ) (141 -62 69 ) (141 -62 174.584015 ) 
4 19 21 (142 -62 69 ) (149 -62 69 ) (149 -62 173.076019 ) (142 -62 173.076019 ) 
4 19 20 (149 -62 173.076019 ) (149 -62 174.584015 ) (141 -62 174.584015 ) (141 -62 173.076019 ) 
4 20 23 (141 -62 174.584015 ) (141 -62 173.076019 ) (141 -115 173.076019 ) (141 -115 174.584015 ) 
4 20 22 (141 -115 174.584015 ) (141 -115 173.076019 ) (149 -115 173.076019 ) (149 -115 174.584015 ) 
4 20 21 (149 -115 173.076019 ) (142 -115 173.076019 ) (142 -62 173.076019 ) (149 -62 173.076019 ) 
4 21 22 (149 -115 69 ) (149 -115 173.076019 ) (142 -115 173.076019 ) (142 -115 69 ) 
4 22 23 (141 -116 69 ) (141 -116 174.584015 ) (141 -115 174.584015 ) (141 -115 69 ) 
4 24 25 (63 -601 69 ) (63 -283 69 ) (149 -283 69 ) (149 -601 69 ) 
